{"name": "test_list_catalog", "status": "failed", "statusDetails": {"message": "AssertionError: Cant find element by locator: ('css selector', '#grid-view')", "trace": "self = <page_objects.CatalogPage.CatalogPage object at 0x105b2d2b0>, locator = ('css selector', '#grid-view')\n\n    def _verify_element_presence(self, locator: tuple):\n        try:\n>           return WebDriverWait(self.browser, self.browser.t).until(EC.visibility_of_element_located(locator))\n\npage_objects/BasePage.py:22: \n_ _ _ _ _ _ _ _ _ _ _ _ _ _ _ _ _ _ _ _ _ _ _ _ _ _ _ _ _ _ _ _ _ _ _ _ _ _ _ _ _ _ _ _ _ _ _ _ _ _ _ _ _ _ _ _ _ _ _ _ _ _ _ _ _ _ _ _ _ _ _ _ _ _ _ _ _ _ _ _ _ _ _ _ _ _ \n\nself = <selenium.webdriver.support.wait.WebDriverWait (session=\"3cf0512dca863e8da37a510a8e99d498\")>\nmethod = <function visibility_of_element_located.<locals>._predicate at 0x105a9f0d0>, message = ''\n\n    def until(self, method, message=''):\n        \"\"\"Calls the method provided with the driver as an argument until the \\\n        return value does not evaluate to ``False``.\n    \n        :param method: callable(WebDriver)\n        :param message: optional message for :exc:`TimeoutException`\n        :returns: the result of the last call to `method`\n        :raises: :exc:`selenium.common.exceptions.TimeoutException` if timeout occurs\n        \"\"\"\n        screen = None\n        stacktrace = None\n    \n        end_time = time.time() + self._timeout\n        while True:\n            try:\n                value = method(self._driver)\n                if value:\n                    return value\n            except InvalidSelectorException as e:\n                raise e\n            except self._ignored_exceptions as exc:\n                screen = getattr(exc, 'screen', None)\n                stacktrace = getattr(exc, 'stacktrace', None)\n            time.sleep(self._poll)\n            if time.time() > end_time:\n                break\n>       raise TimeoutException(message, screen, stacktrace)\nE       selenium.common.exceptions.TimeoutException: Message: \nE       Stacktrace:\nE       0   chromedriver                        0x000000010251ad98 chromedriver + 4337048\nE       1   chromedriver                        0x0000000102512e14 chromedriver + 4304404\nE       2   chromedriver                        0x000000010213fa5c chromedriver + 293468\nE       3   chromedriver                        0x0000000102184d50 chromedriver + 576848\nE       4   chromedriver                        0x00000001021bf908 chromedriver + 817416\nE       5   chromedriver                        0x0000000102178a5c chromedriver + 526940\nE       6   chromedriver                        0x0000000102179908 chromedriver + 530696\nE       7   chromedriver                        0x00000001024e0de4 chromedriver + 4099556\nE       8   chromedriver                        0x00000001024e52a0 chromedriver + 4117152\nE       9   chromedriver                        0x00000001024eb52c chromedriver + 4142380\nE       10  chromedriver                        0x00000001024e5da0 chromedriver + 4119968\nE       11  chromedriver                        0x00000001024bda74 chromedriver + 3955316\nE       12  chromedriver                        0x0000000102502a48 chromedriver + 4237896\nE       13  chromedriver                        0x0000000102502bc4 chromedriver + 4238276\nE       14  chromedriver                        0x0000000102512a8c chromedriver + 4303500\nE       15  libsystem_pthread.dylib             0x000000018cafffa8 _pthread_start + 148\nE       16  libsystem_pthread.dylib             0x000000018cafada0 thread_start + 8\n\nvenv/lib/python3.9/site-packages/selenium/webdriver/support/wait.py:89: TimeoutException\n\nDuring handling of the above exception, another exception occurred:\n\nbrowser = <selenium.webdriver.remote.webdriver.WebDriver (session=\"3cf0512dca863e8da37a510a8e99d498\")>\n\n    def test_list_catalog(browser):\n        MainPage(browser).go_to_catalog_page()\n>       grid_catalog = CatalogPage(browser).click_grid_catalog()\n\ntests/test_opencart.py:66: \n_ _ _ _ _ _ _ _ _ _ _ _ _ _ _ _ _ _ _ _ _ _ _ _ _ _ _ _ _ _ _ _ _ _ _ _ _ _ _ _ _ _ _ _ _ _ _ _ _ _ _ _ _ _ _ _ _ _ _ _ _ _ _ _ _ _ _ _ _ _ _ _ _ _ _ _ _ _ _ _ _ _ _ _ _ _ \npage_objects/CatalogPage.py:39: in click_grid_catalog\n    grid_catalog = self._element(self.GRID_CATALOG)\npage_objects/BasePage.py:27: in _element\n    return self._verify_element_presence(locator)\n_ _ _ _ _ _ _ _ _ _ _ _ _ _ _ _ _ _ _ _ _ _ _ _ _ _ _ _ _ _ _ _ _ _ _ _ _ _ _ _ _ _ _ _ _ _ _ _ _ _ _ _ _ _ _ _ _ _ _ _ _ _ _ _ _ _ _ _ _ _ _ _ _ _ _ _ _ _ _ _ _ _ _ _ _ _ \n\nself = <page_objects.CatalogPage.CatalogPage object at 0x105b2d2b0>, locator = ('css selector', '#grid-view')\n\n    def _verify_element_presence(self, locator: tuple):\n        try:\n            return WebDriverWait(self.browser, self.browser.t).until(EC.visibility_of_element_located(locator))\n        except TimeoutException:\n>           raise AssertionError(\"Cant find element by locator: {}\".format(locator))\nE           AssertionError: Cant find element by locator: ('css selector', '#grid-view')\n\npage_objects/BasePage.py:24: AssertionError"}, "start": 1695470375003, "stop": 1695470380446, "uuid": "2870d5a7-ccf8-48a9-985f-de14827639f9", "historyId": "7f5b9d161cf40d2f5ec419ba09c0bba7", "testCaseId": "7f5b9d161cf40d2f5ec419ba09c0bba7", "fullName": "tests.test_opencart#test_list_catalog", "labels": [{"name": "parentSuite", "value": "tests"}, {"name": "suite", "value": "test_opencart"}, {"name": "host", "value": "Karinas-MacBook-Air.local"}, {"name": "thread", "value": "61930-MainThread"}, {"name": "framework", "value": "pytest"}, {"name": "language", "value": "cpython3"}, {"name": "package", "value": "tests.test_opencart"}]}