{"name": "test_register_new_user", "status": "failed", "statusDetails": {"message": "AssertionError: Cant find element by locator: ('css selector', '#input-telephone')", "trace": "self = <page_objects.RegisterForm.RegisterForm object at 0x105bc8550>, locator = ('css selector', '#input-telephone')\n\n    def _verify_element_presence(self, locator: tuple):\n        try:\n>           return WebDriverWait(self.browser, self.browser.t).until(EC.visibility_of_element_located(locator))\n\npage_objects/BasePage.py:22: \n_ _ _ _ _ _ _ _ _ _ _ _ _ _ _ _ _ _ _ _ _ _ _ _ _ _ _ _ _ _ _ _ _ _ _ _ _ _ _ _ _ _ _ _ _ _ _ _ _ _ _ _ _ _ _ _ _ _ _ _ _ _ _ _ _ _ _ _ _ _ _ _ _ _ _ _ _ _ _ _ _ _ _ _ _ _ \n\nself = <selenium.webdriver.support.wait.WebDriverWait (session=\"971f766a7531818cce5b63f23126b575\")>\nmethod = <function visibility_of_element_located.<locals>._predicate at 0x105ba5310>, message = ''\n\n    def until(self, method, message=''):\n        \"\"\"Calls the method provided with the driver as an argument until the \\\n        return value does not evaluate to ``False``.\n    \n        :param method: callable(WebDriver)\n        :param message: optional message for :exc:`TimeoutException`\n        :returns: the result of the last call to `method`\n        :raises: :exc:`selenium.common.exceptions.TimeoutException` if timeout occurs\n        \"\"\"\n        screen = None\n        stacktrace = None\n    \n        end_time = time.time() + self._timeout\n        while True:\n            try:\n                value = method(self._driver)\n                if value:\n                    return value\n            except InvalidSelectorException as e:\n                raise e\n            except self._ignored_exceptions as exc:\n                screen = getattr(exc, 'screen', None)\n                stacktrace = getattr(exc, 'stacktrace', None)\n            time.sleep(self._poll)\n            if time.time() > end_time:\n                break\n>       raise TimeoutException(message, screen, stacktrace)\nE       selenium.common.exceptions.TimeoutException: Message: \nE       Stacktrace:\nE       0   chromedriver                        0x000000010519ad98 chromedriver + 4337048\nE       1   chromedriver                        0x0000000105192e14 chromedriver + 4304404\nE       2   chromedriver                        0x0000000104dbfa5c chromedriver + 293468\nE       3   chromedriver                        0x0000000104e04d50 chromedriver + 576848\nE       4   chromedriver                        0x0000000104e3f908 chromedriver + 817416\nE       5   chromedriver                        0x0000000104df8a5c chromedriver + 526940\nE       6   chromedriver                        0x0000000104df9908 chromedriver + 530696\nE       7   chromedriver                        0x0000000105160de4 chromedriver + 4099556\nE       8   chromedriver                        0x00000001051652a0 chromedriver + 4117152\nE       9   chromedriver                        0x000000010516b52c chromedriver + 4142380\nE       10  chromedriver                        0x0000000105165da0 chromedriver + 4119968\nE       11  chromedriver                        0x000000010513da74 chromedriver + 3955316\nE       12  chromedriver                        0x0000000105182a48 chromedriver + 4237896\nE       13  chromedriver                        0x0000000105182bc4 chromedriver + 4238276\nE       14  chromedriver                        0x0000000105192a8c chromedriver + 4303500\nE       15  libsystem_pthread.dylib             0x000000018cafffa8 _pthread_start + 148\nE       16  libsystem_pthread.dylib             0x000000018cafada0 thread_start + 8\n\nvenv/lib/python3.9/site-packages/selenium/webdriver/support/wait.py:89: TimeoutException\n\nDuring handling of the above exception, another exception occurred:\n\nbrowser = <selenium.webdriver.remote.webdriver.WebDriver (session=\"971f766a7531818cce5b63f23126b575\")>\n\n    def test_register_new_user(browser):\n        MainPage(browser).go_to_register_page()\n>       AdminPage(browser).fill_register_user_form(firstname='Max',\n                                                   lastname='Maximov',\n                                                   email='max@gmail.com',\n                                                   telephone=555012345,\n                                                   password='password',\n                                                   password2='password')\n\ntests/test_opencart.py:186: \n_ _ _ _ _ _ _ _ _ _ _ _ _ _ _ _ _ _ _ _ _ _ _ _ _ _ _ _ _ _ _ _ _ _ _ _ _ _ _ _ _ _ _ _ _ _ _ _ _ _ _ _ _ _ _ _ _ _ _ _ _ _ _ _ _ _ _ _ _ _ _ _ _ _ _ _ _ _ _ _ _ _ _ _ _ _ \npage_objects/AdminPage.py:84: in fill_register_user_form\n    RegisterForm(self.browser).create_user(firstname=firstname,\npage_objects/RegisterForm.py:19: in create_user\n    self._element(self.INPUT_TELEPHONE).send_keys(telephone)\npage_objects/BasePage.py:27: in _element\n    return self._verify_element_presence(locator)\n_ _ _ _ _ _ _ _ _ _ _ _ _ _ _ _ _ _ _ _ _ _ _ _ _ _ _ _ _ _ _ _ _ _ _ _ _ _ _ _ _ _ _ _ _ _ _ _ _ _ _ _ _ _ _ _ _ _ _ _ _ _ _ _ _ _ _ _ _ _ _ _ _ _ _ _ _ _ _ _ _ _ _ _ _ _ \n\nself = <page_objects.RegisterForm.RegisterForm object at 0x105bc8550>, locator = ('css selector', '#input-telephone')\n\n    def _verify_element_presence(self, locator: tuple):\n        try:\n            return WebDriverWait(self.browser, self.browser.t).until(EC.visibility_of_element_located(locator))\n        except TimeoutException:\n>           raise AssertionError(\"Cant find element by locator: {}\".format(locator))\nE           AssertionError: Cant find element by locator: ('css selector', '#input-telephone')\n\npage_objects/BasePage.py:24: AssertionError"}, "start": 1695470479960, "stop": 1695470485662, "uuid": "c67c805c-9b05-468c-958e-7761f035a618", "historyId": "c58fdf096cdf59c1f78efafff2305e1f", "testCaseId": "c58fdf096cdf59c1f78efafff2305e1f", "fullName": "tests.test_opencart#test_register_new_user", "labels": [{"name": "parentSuite", "value": "tests"}, {"name": "suite", "value": "test_opencart"}, {"name": "host", "value": "Karinas-MacBook-Air.local"}, {"name": "thread", "value": "61930-MainThread"}, {"name": "framework", "value": "pytest"}, {"name": "language", "value": "cpython3"}, {"name": "package", "value": "tests.test_opencart"}]}