{"name": "test_admin_password_forget", "status": "failed", "statusDetails": {"message": "AssertionError: Cant find element by locator: ('css selector', '#content > div > div > div > div > div.panel-body > form > div:nth-child(2) > span > a')", "trace": "self = <page_objects.AdminPage.AdminPage object at 0x105bba400>\nlocator = ('css selector', '#content > div > div > div > div > div.panel-body > form > div:nth-child(2) > span > a')\n\n    def _verify_element_presence(self, locator: tuple):\n        try:\n>           return WebDriverWait(self.browser, self.browser.t).until(EC.visibility_of_element_located(locator))\n\npage_objects/BasePage.py:22: \n_ _ _ _ _ _ _ _ _ _ _ _ _ _ _ _ _ _ _ _ _ _ _ _ _ _ _ _ _ _ _ _ _ _ _ _ _ _ _ _ _ _ _ _ _ _ _ _ _ _ _ _ _ _ _ _ _ _ _ _ _ _ _ _ _ _ _ _ _ _ _ _ _ _ _ _ _ _ _ _ _ _ _ _ _ _ \n\nself = <selenium.webdriver.support.wait.WebDriverWait (session=\"f374c851d55d55331fa8153227e384f1\")>\nmethod = <function visibility_of_element_located.<locals>._predicate at 0x105b9a1f0>, message = ''\n\n    def until(self, method, message=''):\n        \"\"\"Calls the method provided with the driver as an argument until the \\\n        return value does not evaluate to ``False``.\n    \n        :param method: callable(WebDriver)\n        :param message: optional message for :exc:`TimeoutException`\n        :returns: the result of the last call to `method`\n        :raises: :exc:`selenium.common.exceptions.TimeoutException` if timeout occurs\n        \"\"\"\n        screen = None\n        stacktrace = None\n    \n        end_time = time.time() + self._timeout\n        while True:\n            try:\n                value = method(self._driver)\n                if value:\n                    return value\n            except InvalidSelectorException as e:\n                raise e\n            except self._ignored_exceptions as exc:\n                screen = getattr(exc, 'screen', None)\n                stacktrace = getattr(exc, 'stacktrace', None)\n            time.sleep(self._poll)\n            if time.time() > end_time:\n                break\n>       raise TimeoutException(message, screen, stacktrace)\nE       selenium.common.exceptions.TimeoutException: Message: \nE       Stacktrace:\nE       0   chromedriver                        0x00000001013a6d98 chromedriver + 4337048\nE       1   chromedriver                        0x000000010139ee14 chromedriver + 4304404\nE       2   chromedriver                        0x0000000100fcba5c chromedriver + 293468\nE       3   chromedriver                        0x0000000101010d50 chromedriver + 576848\nE       4   chromedriver                        0x000000010104b908 chromedriver + 817416\nE       5   chromedriver                        0x0000000101004a5c chromedriver + 526940\nE       6   chromedriver                        0x0000000101005908 chromedriver + 530696\nE       7   chromedriver                        0x000000010136cde4 chromedriver + 4099556\nE       8   chromedriver                        0x00000001013712a0 chromedriver + 4117152\nE       9   chromedriver                        0x000000010137752c chromedriver + 4142380\nE       10  chromedriver                        0x0000000101371da0 chromedriver + 4119968\nE       11  chromedriver                        0x0000000101349a74 chromedriver + 3955316\nE       12  chromedriver                        0x000000010138ea48 chromedriver + 4237896\nE       13  chromedriver                        0x000000010138ebc4 chromedriver + 4238276\nE       14  chromedriver                        0x000000010139ea8c chromedriver + 4303500\nE       15  libsystem_pthread.dylib             0x000000018cafffa8 _pthread_start + 148\nE       16  libsystem_pthread.dylib             0x000000018cafada0 thread_start + 8\n\nvenv/lib/python3.9/site-packages/selenium/webdriver/support/wait.py:89: TimeoutException\n\nDuring handling of the above exception, another exception occurred:\n\nbrowser = <selenium.webdriver.remote.webdriver.WebDriver (session=\"f374c851d55d55331fa8153227e384f1\")>\n\n    def test_admin_password_forget(browser):\n        MainPage(browser).go_to_admin_page()\n>       admin_login = AdminPage(browser).click_admin_password_forget()\n\ntests/test_opencart.py:138: \n_ _ _ _ _ _ _ _ _ _ _ _ _ _ _ _ _ _ _ _ _ _ _ _ _ _ _ _ _ _ _ _ _ _ _ _ _ _ _ _ _ _ _ _ _ _ _ _ _ _ _ _ _ _ _ _ _ _ _ _ _ _ _ _ _ _ _ _ _ _ _ _ _ _ _ _ _ _ _ _ _ _ _ _ _ _ \npage_objects/AdminPage.py:32: in click_admin_password_forget\n    admin_login = self._element(self.ADMIN_PASSWORD_FORGET)\npage_objects/BasePage.py:27: in _element\n    return self._verify_element_presence(locator)\n_ _ _ _ _ _ _ _ _ _ _ _ _ _ _ _ _ _ _ _ _ _ _ _ _ _ _ _ _ _ _ _ _ _ _ _ _ _ _ _ _ _ _ _ _ _ _ _ _ _ _ _ _ _ _ _ _ _ _ _ _ _ _ _ _ _ _ _ _ _ _ _ _ _ _ _ _ _ _ _ _ _ _ _ _ _ \n\nself = <page_objects.AdminPage.AdminPage object at 0x105bba400>\nlocator = ('css selector', '#content > div > div > div > div > div.panel-body > form > div:nth-child(2) > span > a')\n\n    def _verify_element_presence(self, locator: tuple):\n        try:\n            return WebDriverWait(self.browser, self.browser.t).until(EC.visibility_of_element_located(locator))\n        except TimeoutException:\n>           raise AssertionError(\"Cant find element by locator: {}\".format(locator))\nE           AssertionError: Cant find element by locator: ('css selector', '#content > div > div > div > div > div.panel-body > form > div:nth-child(2) > span > a')\n\npage_objects/BasePage.py:24: AssertionError"}, "start": 1695470437198, "stop": 1695470443204, "uuid": "bf5a94b2-8e10-44ce-8559-22a01547affc", "historyId": "e65b7b42f458c33e5a6cd7b8034d5e3f", "testCaseId": "e65b7b42f458c33e5a6cd7b8034d5e3f", "fullName": "tests.test_opencart#test_admin_password_forget", "labels": [{"name": "parentSuite", "value": "tests"}, {"name": "suite", "value": "test_opencart"}, {"name": "host", "value": "Karinas-MacBook-Air.local"}, {"name": "thread", "value": "61930-MainThread"}, {"name": "framework", "value": "pytest"}, {"name": "language", "value": "cpython3"}, {"name": "package", "value": "tests.test_opencart"}]}