{"name": "test_admin_password_forget", "status": "failed", "statusDetails": {"message": "AssertionError: Cant find element by locator: ('css selector', '#content > div > div > div > div > div.panel-body > form > div:nth-child(2) > span > a')", "trace": "self = <page_objects.AdminPage.AdminPage object at 0x1041a4970>\nlocator = ('css selector', '#content > div > div > div > div > div.panel-body > form > div:nth-child(2) > span > a')\n\n    def _verify_element_presence(self, locator: tuple):\n        try:\n            self.logger.info('Try to find an element')\n>           return WebDriverWait(self.browser, self.browser.t).until(EC.visibility_of_element_located(locator))\n\npage_objects/BasePage.py:44: \n_ _ _ _ _ _ _ _ _ _ _ _ _ _ _ _ _ _ _ _ _ _ _ _ _ _ _ _ _ _ _ _ _ _ _ _ _ _ _ _ \n\nself = <selenium.webdriver.support.wait.WebDriverWait (session=\"a981dac8bf73784fb4f7f223897419c9\")>\nmethod = <function visibility_of_element_located.<locals>._predicate at 0x10412cca0>\nmessage = ''\n\n    def until(self, method, message=''):\n        \"\"\"Calls the method provided with the driver as an argument until the \\\n        return value does not evaluate to ``False``.\n    \n        :param method: callable(WebDriver)\n        :param message: optional message for :exc:`TimeoutException`\n        :returns: the result of the last call to `method`\n        :raises: :exc:`selenium.common.exceptions.TimeoutException` if timeout occurs\n        \"\"\"\n        screen = None\n        stacktrace = None\n    \n        end_time = time.time() + self._timeout\n        while True:\n            try:\n                value = method(self._driver)\n                if value:\n                    return value\n            except InvalidSelectorException as e:\n                raise e\n            except self._ignored_exceptions as exc:\n                screen = getattr(exc, 'screen', None)\n                stacktrace = getattr(exc, 'stacktrace', None)\n            time.sleep(self._poll)\n            if time.time() > end_time:\n                break\n>       raise TimeoutException(message, screen, stacktrace)\nE       selenium.common.exceptions.TimeoutException: Message: \nE       Stacktrace:\nE       0   chromedriver                        0x00000001032aed98 chromedriver + 4337048\nE       1   chromedriver                        0x00000001032a6e14 chromedriver + 4304404\nE       2   chromedriver                        0x0000000102ed3a5c chromedriver + 293468\nE       3   chromedriver                        0x0000000102f18d50 chromedriver + 576848\nE       4   chromedriver                        0x0000000102f53908 chromedriver + 817416\nE       5   chromedriver                        0x0000000102f0ca5c chromedriver + 526940\nE       6   chromedriver                        0x0000000102f0d908 chromedriver + 530696\nE       7   chromedriver                        0x0000000103274de4 chromedriver + 4099556\nE       8   chromedriver                        0x00000001032792a0 chromedriver + 4117152\nE       9   chromedriver                        0x000000010327f52c chromedriver + 4142380\nE       10  chromedriver                        0x0000000103279da0 chromedriver + 4119968\nE       11  chromedriver                        0x0000000103251a74 chromedriver + 3955316\nE       12  chromedriver                        0x0000000103296a48 chromedriver + 4237896\nE       13  chromedriver                        0x0000000103296bc4 chromedriver + 4238276\nE       14  chromedriver                        0x00000001032a6a8c chromedriver + 4303500\nE       15  libsystem_pthread.dylib             0x000000018cafffa8 _pthread_start + 148\nE       16  libsystem_pthread.dylib             0x000000018cafada0 thread_start + 8\n\nvenv/lib/python3.9/site-packages/selenium/webdriver/support/wait.py:89: TimeoutException\n\nDuring handling of the above exception, another exception occurred:\n\nbrowser = <selenium.webdriver.remote.webdriver.WebDriver (session=\"a981dac8bf73784fb4f7f223897419c9\")>\n\n    @allure.suite('MainPage')\n    @allure.epic(\"2022Q1\")\n    @allure.feature(\"MainPage\")\n    @allure.story(\"slideshow\")\n    def test_admin_password_forget(browser):\n        MainPage(browser).go_to_admin_page()\n>       admin_login = AdminPage(browser).click_admin_password_forget()\n\ntests/test_opencart.py:208: \n_ _ _ _ _ _ _ _ _ _ _ _ _ _ _ _ _ _ _ _ _ _ _ _ _ _ _ _ _ _ _ _ _ _ _ _ _ _ _ _ \npage_objects/AdminPage.py:32: in click_admin_password_forget\n    admin_login = self._element(self.ADMIN_PASSWORD_FORGET)\npage_objects/BasePage.py:53: in _element\n    return self._verify_element_presence(locator)\n_ _ _ _ _ _ _ _ _ _ _ _ _ _ _ _ _ _ _ _ _ _ _ _ _ _ _ _ _ _ _ _ _ _ _ _ _ _ _ _ \n\nself = <page_objects.AdminPage.AdminPage object at 0x1041a4970>\nlocator = ('css selector', '#content > div > div > div > div > div.panel-body > form > div:nth-child(2) > span > a')\n\n    def _verify_element_presence(self, locator: tuple):\n        try:\n            self.logger.info('Try to find an element')\n            return WebDriverWait(self.browser, self.browser.t).until(EC.visibility_of_element_located(locator))\n        except TimeoutException as exc:\n            self.logger.exception(f'RECEIVED ERROR: {exc}')\n            allure.attach(name='error',\n                          body=self.browser.get_screenshot_as_png(),\n                          attachment_type=allure.attachment_type.PNG)\n>           raise AssertionError(\"Cant find element by locator: {}\".format(locator))\nE           AssertionError: Cant find element by locator: ('css selector', '#content > div > div > div > div > div.panel-body > form > div:nth-child(2) > span > a')\n\npage_objects/BasePage.py:50: AssertionError"}, "attachments": [{"name": "error", "source": "14281556-1b51-4962-b13d-4afc9587d903-attachment.png", "type": "image/png"}, {"name": "log", "source": "696215fd-2db1-47cf-861b-7a8912a9e4f1-attachment.txt", "type": "text/plain"}, {"name": "stderr", "source": "0fe70d4b-4948-455e-8b0c-cd362e7b223a-attachment.txt", "type": "text/plain"}], "start": 1695472450626, "stop": 1695472457073, "uuid": "caf3afad-7a50-4fc2-a0be-619458eccf4e", "historyId": "e65b7b42f458c33e5a6cd7b8034d5e3f", "testCaseId": "e65b7b42f458c33e5a6cd7b8034d5e3f", "fullName": "tests.test_opencart#test_admin_password_forget", "labels": [{"name": "feature", "value": "MainPage"}, {"name": "suite", "value": "MainPage"}, {"name": "epic", "value": "2022Q1"}, {"name": "story", "value": "slideshow"}, {"name": "parentSuite", "value": "tests"}, {"name": "host", "value": "Karinas-MacBook-Air.local"}, {"name": "thread", "value": "71731-MainThread"}, {"name": "framework", "value": "pytest"}, {"name": "language", "value": "cpython3"}, {"name": "package", "value": "tests.test_opencart"}]}