{"name": "test_register_new_user", "status": "failed", "statusDetails": {"message": "AssertionError: Cant find element by locator: ('css selector', '#input-firstname')", "trace": "self = <page_objects.RegisterForm.RegisterForm object at 0x106545160>\nlocator = ('css selector', '#input-firstname')\n\n    def _verify_element_presence(self, locator: tuple):\n        try:\n            self.logger.info('Try to find an element')\n>           return WebDriverWait(self.browser, self.browser.t).until(EC.visibility_of_element_located(locator))\n\npage_objects/BasePage.py:44: \n_ _ _ _ _ _ _ _ _ _ _ _ _ _ _ _ _ _ _ _ _ _ _ _ _ _ _ _ _ _ _ _ _ _ _ _ _ _ _ _ \n\nself = <selenium.webdriver.support.wait.WebDriverWait (session=\"209528996d7e6a34e9f146ce85c0e204\")>\nmethod = <function visibility_of_element_located.<locals>._predicate at 0x1064cfa60>\nmessage = ''\n\n    def until(self, method, message=''):\n        \"\"\"Calls the method provided with the driver as an argument until the \\\n        return value does not evaluate to ``False``.\n    \n        :param method: callable(WebDriver)\n        :param message: optional message for :exc:`TimeoutException`\n        :returns: the result of the last call to `method`\n        :raises: :exc:`selenium.common.exceptions.TimeoutException` if timeout occurs\n        \"\"\"\n        screen = None\n        stacktrace = None\n    \n        end_time = time.time() + self._timeout\n        while True:\n            try:\n                value = method(self._driver)\n                if value:\n                    return value\n            except InvalidSelectorException as e:\n                raise e\n            except self._ignored_exceptions as exc:\n                screen = getattr(exc, 'screen', None)\n                stacktrace = getattr(exc, 'stacktrace', None)\n            time.sleep(self._poll)\n            if time.time() > end_time:\n                break\n>       raise TimeoutException(message, screen, stacktrace)\nE       selenium.common.exceptions.TimeoutException: Message: \nE       Stacktrace:\nE       0   chromedriver                        0x00000001045ded98 chromedriver + 4337048\nE       1   chromedriver                        0x00000001045d6e14 chromedriver + 4304404\nE       2   chromedriver                        0x0000000104203a5c chromedriver + 293468\nE       3   chromedriver                        0x0000000104248d50 chromedriver + 576848\nE       4   chromedriver                        0x0000000104283908 chromedriver + 817416\nE       5   chromedriver                        0x000000010423ca5c chromedriver + 526940\nE       6   chromedriver                        0x000000010423d908 chromedriver + 530696\nE       7   chromedriver                        0x00000001045a4de4 chromedriver + 4099556\nE       8   chromedriver                        0x00000001045a92a0 chromedriver + 4117152\nE       9   chromedriver                        0x00000001045af52c chromedriver + 4142380\nE       10  chromedriver                        0x00000001045a9da0 chromedriver + 4119968\nE       11  chromedriver                        0x0000000104581a74 chromedriver + 3955316\nE       12  chromedriver                        0x00000001045c6a48 chromedriver + 4237896\nE       13  chromedriver                        0x00000001045c6bc4 chromedriver + 4238276\nE       14  chromedriver                        0x00000001045d6a8c chromedriver + 4303500\nE       15  libsystem_pthread.dylib             0x000000018cafffa8 _pthread_start + 148\nE       16  libsystem_pthread.dylib             0x000000018cafada0 thread_start + 8\n\nvenv/lib/python3.9/site-packages/selenium/webdriver/support/wait.py:89: TimeoutException\n\nDuring handling of the above exception, another exception occurred:\n\nbrowser = <selenium.webdriver.remote.webdriver.WebDriver (session=\"209528996d7e6a34e9f146ce85c0e204\")>\n\n    @allure.suite('MainPage')\n    @allure.epic(\"2022Q1\")\n    @allure.feature(\"MainPage\")\n    @allure.story(\"slideshow\")\n    def test_register_new_user(browser):\n        MainPage(browser).go_to_register_page()\n>       AdminPage(browser).fill_register_user_form(firstname='Max',\n                                                   lastname='Maximov',\n                                                   email='max@gmail.com',\n                                                   telephone=555012345,\n                                                   password='password',\n                                                   password2='password')\n\ntests/test_opencart.py:271: \n_ _ _ _ _ _ _ _ _ _ _ _ _ _ _ _ _ _ _ _ _ _ _ _ _ _ _ _ _ _ _ _ _ _ _ _ _ _ _ _ \npage_objects/AdminPage.py:84: in fill_register_user_form\n    RegisterForm(self.browser).create_user(firstname=firstname,\npage_objects/RegisterForm.py:16: in create_user\n    self._element(self.INPUT_FIRSTNAME).send_keys(firstname)\npage_objects/BasePage.py:53: in _element\n    return self._verify_element_presence(locator)\n_ _ _ _ _ _ _ _ _ _ _ _ _ _ _ _ _ _ _ _ _ _ _ _ _ _ _ _ _ _ _ _ _ _ _ _ _ _ _ _ \n\nself = <page_objects.RegisterForm.RegisterForm object at 0x106545160>\nlocator = ('css selector', '#input-firstname')\n\n    def _verify_element_presence(self, locator: tuple):\n        try:\n            self.logger.info('Try to find an element')\n            return WebDriverWait(self.browser, self.browser.t).until(EC.visibility_of_element_located(locator))\n        except TimeoutException as exc:\n            self.logger.exception(f'RECEIVED ERROR: {exc}')\n            allure.attach(name='error',\n                          body=self.browser.get_screenshot_as_png(),\n                          attachment_type=allure.attachment_type.PNG)\n>           raise AssertionError(\"Cant find element by locator: {}\".format(locator))\nE           AssertionError: Cant find element by locator: ('css selector', '#input-firstname')\n\npage_objects/BasePage.py:50: AssertionError"}, "attachments": [{"name": "error", "source": "5212fe54-4f8d-4afd-818d-6275f26d85c8-attachment.png", "type": "image/png"}, {"name": "log", "source": "7e9adea4-79e7-4c75-8eba-b345b3d181dc-attachment.txt", "type": "text/plain"}, {"name": "stderr", "source": "7d1174e1-39b7-4334-8c07-b0cfea7eb05e-attachment.txt", "type": "text/plain"}], "start": 1695472460243, "stop": 1695472465866, "uuid": "5bcebb3a-97d2-4706-9368-62bc37836a28", "historyId": "c58fdf096cdf59c1f78efafff2305e1f", "testCaseId": "c58fdf096cdf59c1f78efafff2305e1f", "fullName": "tests.test_opencart#test_register_new_user", "labels": [{"name": "story", "value": "slideshow"}, {"name": "epic", "value": "2022Q1"}, {"name": "suite", "value": "MainPage"}, {"name": "feature", "value": "MainPage"}, {"name": "parentSuite", "value": "tests"}, {"name": "host", "value": "Karinas-MacBook-Air.local"}, {"name": "thread", "value": "71734-MainThread"}, {"name": "framework", "value": "pytest"}, {"name": "language", "value": "cpython3"}, {"name": "package", "value": "tests.test_opencart"}]}