{"name": "test_homepage", "status": "failed", "statusDetails": {"message": "AssertionError: Cant find element by locator: ('css selector', '#account-register > ul > li:nth-child(1) > a > i')", "trace": "self = <page_objects.RegisterPage.RegisterPage object at 0x109002f70>\nlocator = ('css selector', '#account-register > ul > li:nth-child(1) > a > i')\n\n    def _verify_element_presence(self, locator: tuple):\n        try:\n            self.logger.info('Try to find an element')\n>           return WebDriverWait(self.browser, self.browser.t).until(EC.visibility_of_element_located(locator))\n\npage_objects/BasePage.py:44: \n_ _ _ _ _ _ _ _ _ _ _ _ _ _ _ _ _ _ _ _ _ _ _ _ _ _ _ _ _ _ _ _ _ _ _ _ _ _ _ _ \n\nself = <selenium.webdriver.support.wait.WebDriverWait (session=\"c4af9ab4daedc490a238e3a551415c1e\")>\nmethod = <function visibility_of_element_located.<locals>._predicate at 0x109058a60>\nmessage = ''\n\n    def until(self, method, message=''):\n        \"\"\"Calls the method provided with the driver as an argument until the \\\n        return value does not evaluate to ``False``.\n    \n        :param method: callable(WebDriver)\n        :param message: optional message for :exc:`TimeoutException`\n        :returns: the result of the last call to `method`\n        :raises: :exc:`selenium.common.exceptions.TimeoutException` if timeout occurs\n        \"\"\"\n        screen = None\n        stacktrace = None\n    \n        end_time = time.time() + self._timeout\n        while True:\n            try:\n                value = method(self._driver)\n                if value:\n                    return value\n            except InvalidSelectorException as e:\n                raise e\n            except self._ignored_exceptions as exc:\n                screen = getattr(exc, 'screen', None)\n                stacktrace = getattr(exc, 'stacktrace', None)\n            time.sleep(self._poll)\n            if time.time() > end_time:\n                break\n>       raise TimeoutException(message, screen, stacktrace)\nE       selenium.common.exceptions.TimeoutException: Message: \nE       Stacktrace:\nE       0   chromedriver                        0x0000000100876d98 chromedriver + 4337048\nE       1   chromedriver                        0x000000010086ee14 chromedriver + 4304404\nE       2   chromedriver                        0x000000010049ba5c chromedriver + 293468\nE       3   chromedriver                        0x00000001004e0d50 chromedriver + 576848\nE       4   chromedriver                        0x000000010051b908 chromedriver + 817416\nE       5   chromedriver                        0x00000001004d4a5c chromedriver + 526940\nE       6   chromedriver                        0x00000001004d5908 chromedriver + 530696\nE       7   chromedriver                        0x000000010083cde4 chromedriver + 4099556\nE       8   chromedriver                        0x00000001008412a0 chromedriver + 4117152\nE       9   chromedriver                        0x000000010084752c chromedriver + 4142380\nE       10  chromedriver                        0x0000000100841da0 chromedriver + 4119968\nE       11  chromedriver                        0x0000000100819a74 chromedriver + 3955316\nE       12  chromedriver                        0x000000010085ea48 chromedriver + 4237896\nE       13  chromedriver                        0x000000010085ebc4 chromedriver + 4238276\nE       14  chromedriver                        0x000000010086ea8c chromedriver + 4303500\nE       15  libsystem_pthread.dylib             0x000000018cafffa8 _pthread_start + 148\nE       16  libsystem_pthread.dylib             0x000000018cafada0 thread_start + 8\n\nvenv/lib/python3.9/site-packages/selenium/webdriver/support/wait.py:89: TimeoutException\n\nDuring handling of the above exception, another exception occurred:\n\nbrowser = <selenium.webdriver.remote.webdriver.WebDriver (session=\"c4af9ab4daedc490a238e3a551415c1e\")>\n\n    @allure.suite('MainPage')\n    @allure.epic(\"2022Q1\")\n    @allure.feature(\"MainPage\")\n    @allure.story(\"slideshow\")\n    def test_homepage(browser):\n        MainPage(browser).go_to_register_page()\n>       to_homepage = RegisterPage(browser).click_to_homepage()\n\ntests/test_opencart.py:190: \n_ _ _ _ _ _ _ _ _ _ _ _ _ _ _ _ _ _ _ _ _ _ _ _ _ _ _ _ _ _ _ _ _ _ _ _ _ _ _ _ \npage_objects/RegisterPage.py:37: in click_to_homepage\n    to_homepage = self._element(self.TO_HOMEPAGE)\npage_objects/BasePage.py:53: in _element\n    return self._verify_element_presence(locator)\n_ _ _ _ _ _ _ _ _ _ _ _ _ _ _ _ _ _ _ _ _ _ _ _ _ _ _ _ _ _ _ _ _ _ _ _ _ _ _ _ \n\nself = <page_objects.RegisterPage.RegisterPage object at 0x109002f70>\nlocator = ('css selector', '#account-register > ul > li:nth-child(1) > a > i')\n\n    def _verify_element_presence(self, locator: tuple):\n        try:\n            self.logger.info('Try to find an element')\n            return WebDriverWait(self.browser, self.browser.t).until(EC.visibility_of_element_located(locator))\n        except TimeoutException as exc:\n            self.logger.exception(f'RECEIVED ERROR: {exc}')\n            allure.attach(name='error',\n                          body=self.browser.get_screenshot_as_png(),\n                          attachment_type=allure.attachment_type.PNG)\n>           raise AssertionError(\"Cant find element by locator: {}\".format(locator))\nE           AssertionError: Cant find element by locator: ('css selector', '#account-register > ul > li:nth-child(1) > a > i')\n\npage_objects/BasePage.py:50: AssertionError"}, "attachments": [{"name": "error", "source": "103c8ef7-770f-4882-aff8-445b02de54cd-attachment.png", "type": "image/png"}, {"name": "log", "source": "75d6dd44-be36-4992-ad53-80c907c2f1a5-attachment.txt", "type": "text/plain"}, {"name": "stderr", "source": "79c83dbe-3939-4d46-b777-cd12c2e87079-attachment.txt", "type": "text/plain"}], "start": 1695472453437, "stop": 1695472459680, "uuid": "1a36a3d7-e5fa-4c67-87ac-55260e7b1e5c", "historyId": "8e324a6aac9a1a7965d758423b18700f", "testCaseId": "8e324a6aac9a1a7965d758423b18700f", "fullName": "tests.test_opencart#test_homepage", "labels": [{"name": "suite", "value": "MainPage"}, {"name": "epic", "value": "2022Q1"}, {"name": "feature", "value": "MainPage"}, {"name": "story", "value": "slideshow"}, {"name": "parentSuite", "value": "tests"}, {"name": "host", "value": "Karinas-MacBook-Air.local"}, {"name": "thread", "value": "71735-MainThread"}, {"name": "framework", "value": "pytest"}, {"name": "language", "value": "cpython3"}, {"name": "package", "value": "tests.test_opencart"}]}