{"name": "test_add_to_cart", "status": "failed", "statusDetails": {"message": "AssertionError: Cant find element by locator: ('css selector', '#content > div:nth-child(7) > div:nth-child(2) > div > div:nth-child(2) > div.button-group > button:nth-child(1)')", "trace": "self = <page_objects.CatalogPage.CatalogPage object at 0x103948670>\nlocator = ('css selector', '#content > div:nth-child(7) > div:nth-child(2) > div > div:nth-child(2) > div.button-group > button:nth-child(1)')\n\n    def _verify_element_presence(self, locator: tuple):\n        try:\n            self.logger.info('Try to find an element')\n>           return WebDriverWait(self.browser, self.browser.t).until(EC.visibility_of_element_located(locator))\n\npage_objects/BasePage.py:44: \n_ _ _ _ _ _ _ _ _ _ _ _ _ _ _ _ _ _ _ _ _ _ _ _ _ _ _ _ _ _ _ _ _ _ _ _ _ _ _ _ \n\nself = <selenium.webdriver.support.wait.WebDriverWait (session=\"6f72d759fe98462044857dda1cc44e7a\")>\nmethod = <function visibility_of_element_located.<locals>._predicate at 0x10391b5e0>\nmessage = ''\n\n    def until(self, method, message=''):\n        \"\"\"Calls the method provided with the driver as an argument until the \\\n        return value does not evaluate to ``False``.\n    \n        :param method: callable(WebDriver)\n        :param message: optional message for :exc:`TimeoutException`\n        :returns: the result of the last call to `method`\n        :raises: :exc:`selenium.common.exceptions.TimeoutException` if timeout occurs\n        \"\"\"\n        screen = None\n        stacktrace = None\n    \n        end_time = time.time() + self._timeout\n        while True:\n            try:\n                value = method(self._driver)\n                if value:\n                    return value\n            except InvalidSelectorException as e:\n                raise e\n            except self._ignored_exceptions as exc:\n                screen = getattr(exc, 'screen', None)\n                stacktrace = getattr(exc, 'stacktrace', None)\n            time.sleep(self._poll)\n            if time.time() > end_time:\n                break\n>       raise TimeoutException(message, screen, stacktrace)\nE       selenium.common.exceptions.TimeoutException: Message: \nE       Stacktrace:\nE       0   chromedriver                        0x00000001028aed98 chromedriver + 4337048\nE       1   chromedriver                        0x00000001028a6e14 chromedriver + 4304404\nE       2   chromedriver                        0x00000001024d3a5c chromedriver + 293468\nE       3   chromedriver                        0x0000000102518d50 chromedriver + 576848\nE       4   chromedriver                        0x0000000102553908 chromedriver + 817416\nE       5   chromedriver                        0x000000010250ca5c chromedriver + 526940\nE       6   chromedriver                        0x000000010250d908 chromedriver + 530696\nE       7   chromedriver                        0x0000000102874de4 chromedriver + 4099556\nE       8   chromedriver                        0x00000001028792a0 chromedriver + 4117152\nE       9   chromedriver                        0x000000010287f52c chromedriver + 4142380\nE       10  chromedriver                        0x0000000102879da0 chromedriver + 4119968\nE       11  chromedriver                        0x0000000102851a74 chromedriver + 3955316\nE       12  chromedriver                        0x0000000102896a48 chromedriver + 4237896\nE       13  chromedriver                        0x0000000102896bc4 chromedriver + 4238276\nE       14  chromedriver                        0x00000001028a6a8c chromedriver + 4303500\nE       15  libsystem_pthread.dylib             0x000000018cafffa8 _pthread_start + 148\nE       16  libsystem_pthread.dylib             0x000000018cafada0 thread_start + 8\n\nvenv/lib/python3.9/site-packages/selenium/webdriver/support/wait.py:89: TimeoutException\n\nDuring handling of the above exception, another exception occurred:\n\nbrowser = <selenium.webdriver.remote.webdriver.WebDriver (session=\"6f72d759fe98462044857dda1cc44e7a\")>\n\n    @allure.suite('MainPage')\n    @allure.epic(\"2022Q1\")\n    @allure.feature(\"MainPage\")\n    @allure.story(\"slideshow\")\n    def test_add_to_cart(browser):\n        MainPage(browser).go_to_catalog_page()\n>       add_in_cart = CatalogPage(browser).click_add_in_cart()\n\ntests/test_opencart.py:91: \n_ _ _ _ _ _ _ _ _ _ _ _ _ _ _ _ _ _ _ _ _ _ _ _ _ _ _ _ _ _ _ _ _ _ _ _ _ _ _ _ \npage_objects/CatalogPage.py:34: in click_add_in_cart\n    add_in_cart = self._element(self.ADD_IN_CART)\npage_objects/BasePage.py:53: in _element\n    return self._verify_element_presence(locator)\n_ _ _ _ _ _ _ _ _ _ _ _ _ _ _ _ _ _ _ _ _ _ _ _ _ _ _ _ _ _ _ _ _ _ _ _ _ _ _ _ \n\nself = <page_objects.CatalogPage.CatalogPage object at 0x103948670>\nlocator = ('css selector', '#content > div:nth-child(7) > div:nth-child(2) > div > div:nth-child(2) > div.button-group > button:nth-child(1)')\n\n    def _verify_element_presence(self, locator: tuple):\n        try:\n            self.logger.info('Try to find an element')\n            return WebDriverWait(self.browser, self.browser.t).until(EC.visibility_of_element_located(locator))\n        except TimeoutException as exc:\n            self.logger.exception(f'RECEIVED ERROR: {exc}')\n            allure.attach(name='error',\n                          body=self.browser.get_screenshot_as_png(),\n                          attachment_type=allure.attachment_type.PNG)\n>           raise AssertionError(\"Cant find element by locator: {}\".format(locator))\nE           AssertionError: Cant find element by locator: ('css selector', '#content > div:nth-child(7) > div:nth-child(2) > div > div:nth-child(2) > div.button-group > button:nth-child(1)')\n\npage_objects/BasePage.py:50: AssertionError"}, "attachments": [{"name": "error", "source": "0be4f23f-bafd-47ad-bf5d-e00163e6037f-attachment.png", "type": "image/png"}, {"name": "log", "source": "8f6103ac-d2de-49ae-ac91-03ee76fc6f8c-attachment.txt", "type": "text/plain"}, {"name": "stderr", "source": "fd3ec51e-308b-48da-b84a-7d34e5cc9836-attachment.txt", "type": "text/plain"}], "start": 1695471198378, "stop": 1695471204696, "uuid": "3b3daa31-90fd-4f4e-89c3-5307cadf76c1", "historyId": "b0e55c519fe9fa93dd7b452e08b6c5e1", "testCaseId": "b0e55c519fe9fa93dd7b452e08b6c5e1", "fullName": "tests.test_opencart#test_add_to_cart", "labels": [{"name": "story", "value": "slideshow"}, {"name": "suite", "value": "MainPage"}, {"name": "feature", "value": "MainPage"}, {"name": "epic", "value": "2022Q1"}, {"name": "parentSuite", "value": "tests"}, {"name": "host", "value": "Karinas-MacBook-Air.local"}, {"name": "thread", "value": "64569-MainThread"}, {"name": "framework", "value": "pytest"}, {"name": "language", "value": "cpython3"}, {"name": "package", "value": "tests.test_opencart"}]}