{"name": "test_currency", "status": "failed", "statusDetails": {"message": "AssertionError: Cant find element by locator: ('css selector', '#form-currency > div > button')", "trace": "self = <page_objects.MainPage.MainPage object at 0x1021e86a0>\nlocator = ('css selector', '#form-currency > div > button')\n\n    def _verify_element_presence(self, locator: tuple):\n        try:\n            self.logger.info('Try to find an element')\n>           return WebDriverWait(self.browser, self.browser.t).until(EC.visibility_of_element_located(locator))\n\npage_objects/BasePage.py:44: \n_ _ _ _ _ _ _ _ _ _ _ _ _ _ _ _ _ _ _ _ _ _ _ _ _ _ _ _ _ _ _ _ _ _ _ _ _ _ _ _ \n\nself = <selenium.webdriver.support.wait.WebDriverWait (session=\"0845da0d9514a11045190c59fe005fb8\")>\nmethod = <function visibility_of_element_located.<locals>._predicate at 0x1020e35e0>\nmessage = ''\n\n    def until(self, method, message=''):\n        \"\"\"Calls the method provided with the driver as an argument until the \\\n        return value does not evaluate to ``False``.\n    \n        :param method: callable(WebDriver)\n        :param message: optional message for :exc:`TimeoutException`\n        :returns: the result of the last call to `method`\n        :raises: :exc:`selenium.common.exceptions.TimeoutException` if timeout occurs\n        \"\"\"\n        screen = None\n        stacktrace = None\n    \n        end_time = time.time() + self._timeout\n        while True:\n            try:\n                value = method(self._driver)\n                if value:\n                    return value\n            except InvalidSelectorException as e:\n                raise e\n            except self._ignored_exceptions as exc:\n                screen = getattr(exc, 'screen', None)\n                stacktrace = getattr(exc, 'stacktrace', None)\n            time.sleep(self._poll)\n            if time.time() > end_time:\n                break\n>       raise TimeoutException(message, screen, stacktrace)\nE       selenium.common.exceptions.TimeoutException: Message: \nE       Stacktrace:\nE       0   chromedriver                        0x00000001045aed98 chromedriver + 4337048\nE       1   chromedriver                        0x00000001045a6e14 chromedriver + 4304404\nE       2   chromedriver                        0x00000001041d3a5c chromedriver + 293468\nE       3   chromedriver                        0x0000000104218d50 chromedriver + 576848\nE       4   chromedriver                        0x0000000104253908 chromedriver + 817416\nE       5   chromedriver                        0x000000010420ca5c chromedriver + 526940\nE       6   chromedriver                        0x000000010420d908 chromedriver + 530696\nE       7   chromedriver                        0x0000000104574de4 chromedriver + 4099556\nE       8   chromedriver                        0x00000001045792a0 chromedriver + 4117152\nE       9   chromedriver                        0x000000010457f52c chromedriver + 4142380\nE       10  chromedriver                        0x0000000104579da0 chromedriver + 4119968\nE       11  chromedriver                        0x0000000104551a74 chromedriver + 3955316\nE       12  chromedriver                        0x0000000104596a48 chromedriver + 4237896\nE       13  chromedriver                        0x0000000104596bc4 chromedriver + 4238276\nE       14  chromedriver                        0x00000001045a6a8c chromedriver + 4303500\nE       15  libsystem_pthread.dylib             0x000000018cafffa8 _pthread_start + 148\nE       16  libsystem_pthread.dylib             0x000000018cafada0 thread_start + 8\n\nvenv/lib/python3.9/site-packages/selenium/webdriver/support/wait.py:89: TimeoutException\n\nDuring handling of the above exception, another exception occurred:\n\nbrowser = <selenium.webdriver.remote.webdriver.WebDriver (session=\"0845da0d9514a11045190c59fe005fb8\")>\n\n    @allure.suite('MainPage')\n    @allure.epic(\"2022Q1\")\n    @allure.feature(\"MainPage\")\n    @allure.story(\"slideshow\")\n    def test_currency(browser):\n>       currency = MainPage(browser).click_currency()\n\ntests/test_opencart.py:55: \n_ _ _ _ _ _ _ _ _ _ _ _ _ _ _ _ _ _ _ _ _ _ _ _ _ _ _ _ _ _ _ _ _ _ _ _ _ _ _ _ \npage_objects/MainPage.py:36: in click_currency\n    currency = self._element(self.CURRENCY)\npage_objects/BasePage.py:53: in _element\n    return self._verify_element_presence(locator)\n_ _ _ _ _ _ _ _ _ _ _ _ _ _ _ _ _ _ _ _ _ _ _ _ _ _ _ _ _ _ _ _ _ _ _ _ _ _ _ _ \n\nself = <page_objects.MainPage.MainPage object at 0x1021e86a0>\nlocator = ('css selector', '#form-currency > div > button')\n\n    def _verify_element_presence(self, locator: tuple):\n        try:\n            self.logger.info('Try to find an element')\n            return WebDriverWait(self.browser, self.browser.t).until(EC.visibility_of_element_located(locator))\n        except TimeoutException as exc:\n            self.logger.exception(f'RECEIVED ERROR: {exc}')\n            allure.attach(name='error',\n                          body=self.browser.get_screenshot_as_png(),\n                          attachment_type=allure.attachment_type.PNG)\n>           raise AssertionError(\"Cant find element by locator: {}\".format(locator))\nE           AssertionError: Cant find element by locator: ('css selector', '#form-currency > div > button')\n\npage_objects/BasePage.py:50: AssertionError"}, "attachments": [{"name": "error", "source": "99d124d2-4370-4453-ae09-44a5014d0e19-attachment.png", "type": "image/png"}, {"name": "log", "source": "f05ed5d6-8455-489d-bd97-1b315fe6b25f-attachment.txt", "type": "text/plain"}, {"name": "stderr", "source": "92abb0cf-2689-4504-bfac-b10dbec52580-attachment.txt", "type": "text/plain"}], "start": 1695472441337, "stop": 1695472447169, "uuid": "8d98410a-5eb8-4f81-853f-1e78075da331", "historyId": "cbb95d02e18ac3e148490692fb50fef1", "testCaseId": "cbb95d02e18ac3e148490692fb50fef1", "fullName": "tests.test_opencart#test_currency", "labels": [{"name": "story", "value": "slideshow"}, {"name": "feature", "value": "MainPage"}, {"name": "suite", "value": "MainPage"}, {"name": "epic", "value": "2022Q1"}, {"name": "parentSuite", "value": "tests"}, {"name": "host", "value": "Karinas-MacBook-Air.local"}, {"name": "thread", "value": "71732-MainThread"}, {"name": "framework", "value": "pytest"}, {"name": "language", "value": "cpython3"}, {"name": "package", "value": "tests.test_opencart"}]}