{"name": "test_product_image", "status": "failed", "statusDetails": {"message": "AssertionError: Cant find element by locator: ('css selector', '#content > div > div.col-sm-8 > ul.thumbnails > li:nth-child(3) > a > img')", "trace": "self = <page_objects.ProductPage.ProductPage object at 0x105dec7f0>\nlocator = ('css selector', '#content > div > div.col-sm-8 > ul.thumbnails > li:nth-child(3) > a > img')\n\n    def _verify_element_presence(self, locator: tuple):\n        try:\n            self.logger.info('Try to find an element')\n>           return WebDriverWait(self.browser, self.browser.t).until(EC.visibility_of_element_located(locator))\n\npage_objects/BasePage.py:44: \n_ _ _ _ _ _ _ _ _ _ _ _ _ _ _ _ _ _ _ _ _ _ _ _ _ _ _ _ _ _ _ _ _ _ _ _ _ _ _ _ \n\nself = <selenium.webdriver.support.wait.WebDriverWait (session=\"95593df0c3258a7c34fe0e83a738783c\")>\nmethod = <function visibility_of_element_located.<locals>._predicate at 0x105cef5e0>\nmessage = ''\n\n    def until(self, method, message=''):\n        \"\"\"Calls the method provided with the driver as an argument until the \\\n        return value does not evaluate to ``False``.\n    \n        :param method: callable(WebDriver)\n        :param message: optional message for :exc:`TimeoutException`\n        :returns: the result of the last call to `method`\n        :raises: :exc:`selenium.common.exceptions.TimeoutException` if timeout occurs\n        \"\"\"\n        screen = None\n        stacktrace = None\n    \n        end_time = time.time() + self._timeout\n        while True:\n            try:\n                value = method(self._driver)\n                if value:\n                    return value\n            except InvalidSelectorException as e:\n                raise e\n            except self._ignored_exceptions as exc:\n                screen = getattr(exc, 'screen', None)\n                stacktrace = getattr(exc, 'stacktrace', None)\n            time.sleep(self._poll)\n            if time.time() > end_time:\n                break\n>       raise TimeoutException(message, screen, stacktrace)\nE       selenium.common.exceptions.TimeoutException: Message: \nE       Stacktrace:\nE       0   chromedriver                        0x00000001005e6d98 chromedriver + 4337048\nE       1   chromedriver                        0x00000001005dee14 chromedriver + 4304404\nE       2   chromedriver                        0x000000010020ba5c chromedriver + 293468\nE       3   chromedriver                        0x0000000100250d50 chromedriver + 576848\nE       4   chromedriver                        0x000000010028b908 chromedriver + 817416\nE       5   chromedriver                        0x0000000100244a5c chromedriver + 526940\nE       6   chromedriver                        0x0000000100245908 chromedriver + 530696\nE       7   chromedriver                        0x00000001005acde4 chromedriver + 4099556\nE       8   chromedriver                        0x00000001005b12a0 chromedriver + 4117152\nE       9   chromedriver                        0x00000001005b752c chromedriver + 4142380\nE       10  chromedriver                        0x00000001005b1da0 chromedriver + 4119968\nE       11  chromedriver                        0x0000000100589a74 chromedriver + 3955316\nE       12  chromedriver                        0x00000001005cea48 chromedriver + 4237896\nE       13  chromedriver                        0x00000001005cebc4 chromedriver + 4238276\nE       14  chromedriver                        0x00000001005dea8c chromedriver + 4303500\nE       15  libsystem_pthread.dylib             0x000000018cafffa8 _pthread_start + 148\nE       16  libsystem_pthread.dylib             0x000000018cafada0 thread_start + 8\n\nvenv/lib/python3.9/site-packages/selenium/webdriver/support/wait.py:89: TimeoutException\n\nDuring handling of the above exception, another exception occurred:\n\nbrowser = <selenium.webdriver.remote.webdriver.WebDriver (session=\"95593df0c3258a7c34fe0e83a738783c\")>\n\n    @allure.suite('MainPage')\n    @allure.epic(\"2022Q1\")\n    @allure.feature(\"MainPage\")\n    @allure.story(\"slideshow\")\n    def test_product_image(browser):\n        MainPage(browser).go_to_product_page()\n>       image_tap = ProductPage(browser).click_image_tap()\n\ntests/test_opencart.py:145: \n_ _ _ _ _ _ _ _ _ _ _ _ _ _ _ _ _ _ _ _ _ _ _ _ _ _ _ _ _ _ _ _ _ _ _ _ _ _ _ _ \npage_objects/ProductPage.py:38: in click_image_tap\n    image_tap = self._element(self.IMAGE_TAP)\npage_objects/BasePage.py:53: in _element\n    return self._verify_element_presence(locator)\n_ _ _ _ _ _ _ _ _ _ _ _ _ _ _ _ _ _ _ _ _ _ _ _ _ _ _ _ _ _ _ _ _ _ _ _ _ _ _ _ \n\nself = <page_objects.ProductPage.ProductPage object at 0x105dec7f0>\nlocator = ('css selector', '#content > div > div.col-sm-8 > ul.thumbnails > li:nth-child(3) > a > img')\n\n    def _verify_element_presence(self, locator: tuple):\n        try:\n            self.logger.info('Try to find an element')\n            return WebDriverWait(self.browser, self.browser.t).until(EC.visibility_of_element_located(locator))\n        except TimeoutException as exc:\n            self.logger.exception(f'RECEIVED ERROR: {exc}')\n            allure.attach(name='error',\n                          body=self.browser.get_screenshot_as_png(),\n                          attachment_type=allure.attachment_type.PNG)\n>           raise AssertionError(\"Cant find element by locator: {}\".format(locator))\nE           AssertionError: Cant find element by locator: ('css selector', '#content > div > div.col-sm-8 > ul.thumbnails > li:nth-child(3) > a > img')\n\npage_objects/BasePage.py:50: AssertionError"}, "attachments": [{"name": "error", "source": "aeded8b7-977c-4ca5-9f1f-b1315a72a5ec-attachment.png", "type": "image/png"}, {"name": "log", "source": "4f7ce561-5751-4099-b745-522b57f9ec90-attachment.txt", "type": "text/plain"}, {"name": "stderr", "source": "6a48961a-539d-4f62-acf0-7eb97e9b4328-attachment.txt", "type": "text/plain"}], "start": 1695472441753, "stop": 1695472448414, "uuid": "fc39a143-f18a-4a64-bed4-30e1bfdbce17", "historyId": "00e447fed6f0b3fcc93d0081decf7990", "testCaseId": "00e447fed6f0b3fcc93d0081decf7990", "fullName": "tests.test_opencart#test_product_image", "labels": [{"name": "story", "value": "slideshow"}, {"name": "feature", "value": "MainPage"}, {"name": "epic", "value": "2022Q1"}, {"name": "suite", "value": "MainPage"}, {"name": "parentSuite", "value": "tests"}, {"name": "host", "value": "Karinas-MacBook-Air.local"}, {"name": "thread", "value": "71741-MainThread"}, {"name": "framework", "value": "pytest"}, {"name": "language", "value": "cpython3"}, {"name": "package", "value": "tests.test_opencart"}]}