{"name": "test_login_page", "status": "failed", "statusDetails": {"message": "AssertionError: Cant find element by locator: ('css selector', '#content > p > a')", "trace": "self = <page_objects.RegisterPage.RegisterPage object at 0x10448a760>\nlocator = ('css selector', '#content > p > a')\n\n    def _verify_element_presence(self, locator: tuple):\n        try:\n            self.logger.info('Try to find an element')\n>           return WebDriverWait(self.browser, self.browser.t).until(EC.visibility_of_element_located(locator))\n\npage_objects/BasePage.py:44: \n_ _ _ _ _ _ _ _ _ _ _ _ _ _ _ _ _ _ _ _ _ _ _ _ _ _ _ _ _ _ _ _ _ _ _ _ _ _ _ _ \n\nself = <selenium.webdriver.support.wait.WebDriverWait (session=\"363f6fbb039b8af45c7e362a909069f3\")>\nmethod = <function visibility_of_element_located.<locals>._predicate at 0x104420a60>\nmessage = ''\n\n    def until(self, method, message=''):\n        \"\"\"Calls the method provided with the driver as an argument until the \\\n        return value does not evaluate to ``False``.\n    \n        :param method: callable(WebDriver)\n        :param message: optional message for :exc:`TimeoutException`\n        :returns: the result of the last call to `method`\n        :raises: :exc:`selenium.common.exceptions.TimeoutException` if timeout occurs\n        \"\"\"\n        screen = None\n        stacktrace = None\n    \n        end_time = time.time() + self._timeout\n        while True:\n            try:\n                value = method(self._driver)\n                if value:\n                    return value\n            except InvalidSelectorException as e:\n                raise e\n            except self._ignored_exceptions as exc:\n                screen = getattr(exc, 'screen', None)\n                stacktrace = getattr(exc, 'stacktrace', None)\n            time.sleep(self._poll)\n            if time.time() > end_time:\n                break\n>       raise TimeoutException(message, screen, stacktrace)\nE       selenium.common.exceptions.TimeoutException: Message: \nE       Stacktrace:\nE       0   chromedriver                        0x0000000104abad98 chromedriver + 4337048\nE       1   chromedriver                        0x0000000104ab2e14 chromedriver + 4304404\nE       2   chromedriver                        0x00000001046dfa5c chromedriver + 293468\nE       3   chromedriver                        0x0000000104724d50 chromedriver + 576848\nE       4   chromedriver                        0x000000010475f908 chromedriver + 817416\nE       5   chromedriver                        0x0000000104718a5c chromedriver + 526940\nE       6   chromedriver                        0x0000000104719908 chromedriver + 530696\nE       7   chromedriver                        0x0000000104a80de4 chromedriver + 4099556\nE       8   chromedriver                        0x0000000104a852a0 chromedriver + 4117152\nE       9   chromedriver                        0x0000000104a8b52c chromedriver + 4142380\nE       10  chromedriver                        0x0000000104a85da0 chromedriver + 4119968\nE       11  chromedriver                        0x0000000104a5da74 chromedriver + 3955316\nE       12  chromedriver                        0x0000000104aa2a48 chromedriver + 4237896\nE       13  chromedriver                        0x0000000104aa2bc4 chromedriver + 4238276\nE       14  chromedriver                        0x0000000104ab2a8c chromedriver + 4303500\nE       15  libsystem_pthread.dylib             0x000000018cafffa8 _pthread_start + 148\nE       16  libsystem_pthread.dylib             0x000000018cafada0 thread_start + 8\n\nvenv/lib/python3.9/site-packages/selenium/webdriver/support/wait.py:89: TimeoutException\n\nDuring handling of the above exception, another exception occurred:\n\nbrowser = <selenium.webdriver.remote.webdriver.WebDriver (session=\"363f6fbb039b8af45c7e362a909069f3\")>\n\n    @allure.suite('MainPage')\n    @allure.epic(\"2022Q1\")\n    @allure.feature(\"MainPage\")\n    @allure.story(\"slideshow\")\n    def test_login_page(browser):\n        MainPage(browser).go_to_register_page()\n>       login_to_page = RegisterPage(browser).click_login_to_page()\n\ntests/test_opencart.py:172: \n_ _ _ _ _ _ _ _ _ _ _ _ _ _ _ _ _ _ _ _ _ _ _ _ _ _ _ _ _ _ _ _ _ _ _ _ _ _ _ _ \npage_objects/RegisterPage.py:27: in click_login_to_page\n    login_to_page = self._element(self.LOGIN_TO_PAGE)\npage_objects/BasePage.py:53: in _element\n    return self._verify_element_presence(locator)\n_ _ _ _ _ _ _ _ _ _ _ _ _ _ _ _ _ _ _ _ _ _ _ _ _ _ _ _ _ _ _ _ _ _ _ _ _ _ _ _ \n\nself = <page_objects.RegisterPage.RegisterPage object at 0x10448a760>\nlocator = ('css selector', '#content > p > a')\n\n    def _verify_element_presence(self, locator: tuple):\n        try:\n            self.logger.info('Try to find an element')\n            return WebDriverWait(self.browser, self.browser.t).until(EC.visibility_of_element_located(locator))\n        except TimeoutException as exc:\n            self.logger.exception(f'RECEIVED ERROR: {exc}')\n            allure.attach(name='error',\n                          body=self.browser.get_screenshot_as_png(),\n                          attachment_type=allure.attachment_type.PNG)\n>           raise AssertionError(\"Cant find element by locator: {}\".format(locator))\nE           AssertionError: Cant find element by locator: ('css selector', '#content > p > a')\n\npage_objects/BasePage.py:50: AssertionError"}, "attachments": [{"name": "error", "source": "bec5e197-39e4-4d76-b73d-da03a252668e-attachment.png", "type": "image/png"}, {"name": "log", "source": "196bc46d-7054-4a6f-a66e-6f7568c54fd3-attachment.txt", "type": "text/plain"}, {"name": "stderr", "source": "c0904861-e481-4c19-a1e0-bc5f693ac892-attachment.txt", "type": "text/plain"}], "start": 1695472452630, "stop": 1695472458843, "uuid": "0ba0bc00-9f0a-4d16-8850-c1e518cb9193", "historyId": "45cf1fe47cb949225ab7e7e82f0cfa67", "testCaseId": "45cf1fe47cb949225ab7e7e82f0cfa67", "fullName": "tests.test_opencart#test_login_page", "labels": [{"name": "epic", "value": "2022Q1"}, {"name": "story", "value": "slideshow"}, {"name": "feature", "value": "MainPage"}, {"name": "suite", "value": "MainPage"}, {"name": "parentSuite", "value": "tests"}, {"name": "host", "value": "Karinas-MacBook-Air.local"}, {"name": "thread", "value": "71733-MainThread"}, {"name": "framework", "value": "pytest"}, {"name": "language", "value": "cpython3"}, {"name": "package", "value": "tests.test_opencart"}]}