2023-09-23 15:13:36,579 - RegisterForm - INFO - Try to find an element
2023-09-23 15:13:36,670 - RegisterForm - INFO - Try to find an element
2023-09-23 15:13:36,704 - RegisterForm - INFO - Try to find an element
2023-09-23 15:13:36,736 - RegisterForm - INFO - Try to find an element
2023-09-23 15:13:41,852 - RegisterForm - ERROR - RECEIVED ERROR: Message: 
Stacktrace:
0   chromedriver                        0x00000001027e2d98 chromedriver + 4337048
1   chromedriver                        0x00000001027dae14 chromedriver + 4304404
2   chromedriver                        0x0000000102407a5c chromedriver + 293468
3   chromedriver                        0x000000010244cd50 chromedriver + 576848
4   chromedriver                        0x0000000102487908 chromedriver + 817416
5   chromedriver                        0x0000000102440a5c chromedriver + 526940
6   chromedriver                        0x0000000102441908 chromedriver + 530696
7   chromedriver                        0x00000001027a8de4 chromedriver + 4099556
8   chromedriver                        0x00000001027ad2a0 chromedriver + 4117152
9   chromedriver                        0x00000001027b352c chromedriver + 4142380
10  chromedriver                        0x00000001027adda0 chromedriver + 4119968
11  chromedriver                        0x0000000102785a74 chromedriver + 3955316
12  chromedriver                        0x00000001027caa48 chromedriver + 4237896
13  chromedriver                        0x00000001027cabc4 chromedriver + 4238276
14  chromedriver                        0x00000001027daa8c chromedriver + 4303500
15  libsystem_pthread.dylib             0x000000018cafffa8 _pthread_start + 148
16  libsystem_pthread.dylib             0x000000018cafada0 thread_start + 8
Traceback (most recent call last):
  File "/Users/karinapisecka/Desktop/task6_PageObject/page_objects/BasePage.py", line 44, in _verify_element_presence
    return WebDriverWait(self.browser, self.browser.t).until(EC.visibility_of_element_located(locator))
  File "/Users/karinapisecka/Desktop/task6_PageObject/venv/lib/python3.9/site-packages/selenium/webdriver/support/wait.py", line 89, in until
    raise TimeoutException(message, screen, stacktrace)
selenium.common.exceptions.TimeoutException: Message: 
Stacktrace:
0   chromedriver                        0x00000001027e2d98 chromedriver + 4337048
1   chromedriver                        0x00000001027dae14 chromedriver + 4304404
2   chromedriver                        0x0000000102407a5c chromedriver + 293468
3   chromedriver                        0x000000010244cd50 chromedriver + 576848
4   chromedriver                        0x0000000102487908 chromedriver + 817416
5   chromedriver                        0x0000000102440a5c chromedriver + 526940
6   chromedriver                        0x0000000102441908 chromedriver + 530696
7   chromedriver                        0x00000001027a8de4 chromedriver + 4099556
8   chromedriver                        0x00000001027ad2a0 chromedriver + 4117152
9   chromedriver                        0x00000001027b352c chromedriver + 4142380
10  chromedriver                        0x00000001027adda0 chromedriver + 4119968
11  chromedriver                        0x0000000102785a74 chromedriver + 3955316
12  chromedriver                        0x00000001027caa48 chromedriver + 4237896
13  chromedriver                        0x00000001027cabc4 chromedriver + 4238276
14  chromedriver                        0x00000001027daa8c chromedriver + 4303500
15  libsystem_pthread.dylib             0x000000018cafffa8 _pthread_start + 148
16  libsystem_pthread.dylib             0x000000018cafada0 thread_start + 8

