{"name": "test_currency", "status": "failed", "statusDetails": {"message": "AssertionError: Cant find element by locator: ('css selector', '#form-currency > div > button')", "trace": "self = <page_objects.MainPage.MainPage object at 0x106b70640>\nlocator = ('css selector', '#form-currency > div > button')\n\n    def _verify_element_presence(self, locator: tuple):\n        try:\n            self.logger.info('Try to find an element')\n>           return WebDriverWait(self.browser, self.browser.t).until(EC.visibility_of_element_located(locator))\n\npage_objects/BasePage.py:44: \n_ _ _ _ _ _ _ _ _ _ _ _ _ _ _ _ _ _ _ _ _ _ _ _ _ _ _ _ _ _ _ _ _ _ _ _ _ _ _ _ \n\nself = <selenium.webdriver.support.wait.WebDriverWait (session=\"cf9a45452f65df70b2c5edfcacff45a1\")>\nmethod = <function visibility_of_element_located.<locals>._predicate at 0x106a945e0>\nmessage = ''\n\n    def until(self, method, message=''):\n        \"\"\"Calls the method provided with the driver as an argument until the \\\n        return value does not evaluate to ``False``.\n    \n        :param method: callable(WebDriver)\n        :param message: optional message for :exc:`TimeoutException`\n        :returns: the result of the last call to `method`\n        :raises: :exc:`selenium.common.exceptions.TimeoutException` if timeout occurs\n        \"\"\"\n        screen = None\n        stacktrace = None\n    \n        end_time = time.time() + self._timeout\n        while True:\n            try:\n                value = method(self._driver)\n                if value:\n                    return value\n            except InvalidSelectorException as e:\n                raise e\n            except self._ignored_exceptions as exc:\n                screen = getattr(exc, 'screen', None)\n                stacktrace = getattr(exc, 'stacktrace', None)\n            time.sleep(self._poll)\n            if time.time() > end_time:\n                break\n>       raise TimeoutException(message, screen, stacktrace)\nE       selenium.common.exceptions.TimeoutException: Message: \nE       Stacktrace:\nE       0   chromedriver                        0x0000000104f62d98 chromedriver + 4337048\nE       1   chromedriver                        0x0000000104f5ae14 chromedriver + 4304404\nE       2   chromedriver                        0x0000000104b87a5c chromedriver + 293468\nE       3   chromedriver                        0x0000000104bccd50 chromedriver + 576848\nE       4   chromedriver                        0x0000000104c07908 chromedriver + 817416\nE       5   chromedriver                        0x0000000104bc0a5c chromedriver + 526940\nE       6   chromedriver                        0x0000000104bc1908 chromedriver + 530696\nE       7   chromedriver                        0x0000000104f28de4 chromedriver + 4099556\nE       8   chromedriver                        0x0000000104f2d2a0 chromedriver + 4117152\nE       9   chromedriver                        0x0000000104f3352c chromedriver + 4142380\nE       10  chromedriver                        0x0000000104f2dda0 chromedriver + 4119968\nE       11  chromedriver                        0x0000000104f05a74 chromedriver + 3955316\nE       12  chromedriver                        0x0000000104f4aa48 chromedriver + 4237896\nE       13  chromedriver                        0x0000000104f4abc4 chromedriver + 4238276\nE       14  chromedriver                        0x0000000104f5aa8c chromedriver + 4303500\nE       15  libsystem_pthread.dylib             0x000000018cafffa8 _pthread_start + 148\nE       16  libsystem_pthread.dylib             0x000000018cafada0 thread_start + 8\n\nvenv/lib/python3.9/site-packages/selenium/webdriver/support/wait.py:89: TimeoutException\n\nDuring handling of the above exception, another exception occurred:\n\nbrowser = <selenium.webdriver.remote.webdriver.WebDriver (session=\"cf9a45452f65df70b2c5edfcacff45a1\")>\n\n    @allure.suite('MainPage')\n    @allure.epic(\"2022Q1\")\n    @allure.feature(\"MainPage\")\n    @allure.story(\"slideshow\")\n    def test_currency(browser):\n>       currency = MainPage(browser).click_currency()\n\ntests/test_opencart.py:55: \n_ _ _ _ _ _ _ _ _ _ _ _ _ _ _ _ _ _ _ _ _ _ _ _ _ _ _ _ _ _ _ _ _ _ _ _ _ _ _ _ \npage_objects/MainPage.py:36: in click_currency\n    currency = self._element(self.CURRENCY)\npage_objects/BasePage.py:53: in _element\n    return self._verify_element_presence(locator)\n_ _ _ _ _ _ _ _ _ _ _ _ _ _ _ _ _ _ _ _ _ _ _ _ _ _ _ _ _ _ _ _ _ _ _ _ _ _ _ _ \n\nself = <page_objects.MainPage.MainPage object at 0x106b70640>\nlocator = ('css selector', '#form-currency > div > button')\n\n    def _verify_element_presence(self, locator: tuple):\n        try:\n            self.logger.info('Try to find an element')\n            return WebDriverWait(self.browser, self.browser.t).until(EC.visibility_of_element_located(locator))\n        except TimeoutException as exc:\n            self.logger.exception(f'RECEIVED ERROR: {exc}')\n            allure.attach(name='error',\n                          body=self.browser.get_screenshot_as_png(),\n                          attachment_type=allure.attachment_type.PNG)\n>           raise AssertionError(\"Cant find element by locator: {}\".format(locator))\nE           AssertionError: Cant find element by locator: ('css selector', '#form-currency > div > button')\n\npage_objects/BasePage.py:50: AssertionError"}, "attachments": [{"name": "error", "source": "d409fe61-4a83-4887-8f73-9bb16f07881b-attachment.png", "type": "image/png"}, {"name": "log", "source": "3e93e840-252d-4b10-8113-7ed00c01415b-attachment.txt", "type": "text/plain"}, {"name": "stderr", "source": "62a0ec8a-fb02-43b9-b4e1-6c15bc36f090-attachment.txt", "type": "text/plain"}], "start": 1695471198295, "stop": 1695471203900, "uuid": "b863ba64-aeb7-4cc5-9cfd-1177fa2afa6f", "historyId": "cbb95d02e18ac3e148490692fb50fef1", "testCaseId": "cbb95d02e18ac3e148490692fb50fef1", "fullName": "tests.test_opencart#test_currency", "labels": [{"name": "suite", "value": "MainPage"}, {"name": "story", "value": "slideshow"}, {"name": "epic", "value": "2022Q1"}, {"name": "feature", "value": "MainPage"}, {"name": "parentSuite", "value": "tests"}, {"name": "host", "value": "Karinas-MacBook-Air.local"}, {"name": "thread", "value": "64567-MainThread"}, {"name": "framework", "value": "pytest"}, {"name": "language", "value": "cpython3"}, {"name": "package", "value": "tests.test_opencart"}]}