{"name": "test_share_product", "status": "failed", "statusDetails": {"message": "AssertionError: Cant find element by locator: ('css selector', '#content > div > div.col-sm-4 > div.rating > div > a.addthis_counter.addthis_pill_style.addthis_nonzero > a.atc_s.addthis_button_compact')", "trace": "self = <page_objects.ProductPage.ProductPage object at 0x111518760>\nlocator = ('css selector', '#content > div > div.col-sm-4 > div.rating > div > a.addthis_counter.addthis_pill_style.addthis_nonzero > a.atc_s.addthis_button_compact')\n\n    def _verify_element_presence(self, locator: tuple):\n        try:\n            self.logger.info('Try to find an element')\n>           return WebDriverWait(self.browser, self.browser.t).until(EC.visibility_of_element_located(locator))\n\npage_objects/BasePage.py:44: \n_ _ _ _ _ _ _ _ _ _ _ _ _ _ _ _ _ _ _ _ _ _ _ _ _ _ _ _ _ _ _ _ _ _ _ _ _ _ _ _ \n\nself = <selenium.webdriver.support.wait.WebDriverWait (session=\"9f4d514efc2af40721ac2aabe47aa0ec\")>\nmethod = <function visibility_of_element_located.<locals>._predicate at 0x1114abaf0>\nmessage = ''\n\n    def until(self, method, message=''):\n        \"\"\"Calls the method provided with the driver as an argument until the \\\n        return value does not evaluate to ``False``.\n    \n        :param method: callable(WebDriver)\n        :param message: optional message for :exc:`TimeoutException`\n        :returns: the result of the last call to `method`\n        :raises: :exc:`selenium.common.exceptions.TimeoutException` if timeout occurs\n        \"\"\"\n        screen = None\n        stacktrace = None\n    \n        end_time = time.time() + self._timeout\n        while True:\n            try:\n                value = method(self._driver)\n                if value:\n                    return value\n            except InvalidSelectorException as e:\n                raise e\n            except self._ignored_exceptions as exc:\n                screen = getattr(exc, 'screen', None)\n                stacktrace = getattr(exc, 'stacktrace', None)\n            time.sleep(self._poll)\n            if time.time() > end_time:\n                break\n>       raise TimeoutException(message, screen, stacktrace)\nE       selenium.common.exceptions.TimeoutException: Message: \nE       Stacktrace:\nE       0   chromedriver                        0x0000000100e4ad98 chromedriver + 4337048\nE       1   chromedriver                        0x0000000100e42e14 chromedriver + 4304404\nE       2   chromedriver                        0x0000000100a6fa5c chromedriver + 293468\nE       3   chromedriver                        0x0000000100ab4d50 chromedriver + 576848\nE       4   chromedriver                        0x0000000100aef908 chromedriver + 817416\nE       5   chromedriver                        0x0000000100aa8a5c chromedriver + 526940\nE       6   chromedriver                        0x0000000100aa9908 chromedriver + 530696\nE       7   chromedriver                        0x0000000100e10de4 chromedriver + 4099556\nE       8   chromedriver                        0x0000000100e152a0 chromedriver + 4117152\nE       9   chromedriver                        0x0000000100e1b52c chromedriver + 4142380\nE       10  chromedriver                        0x0000000100e15da0 chromedriver + 4119968\nE       11  chromedriver                        0x0000000100deda74 chromedriver + 3955316\nE       12  chromedriver                        0x0000000100e32a48 chromedriver + 4237896\nE       13  chromedriver                        0x0000000100e32bc4 chromedriver + 4238276\nE       14  chromedriver                        0x0000000100e42a8c chromedriver + 4303500\nE       15  libsystem_pthread.dylib             0x000000018cafffa8 _pthread_start + 148\nE       16  libsystem_pthread.dylib             0x000000018cafada0 thread_start + 8\n\nvenv/lib/python3.9/site-packages/selenium/webdriver/support/wait.py:89: TimeoutException\n\nDuring handling of the above exception, another exception occurred:\n\nbrowser = <selenium.webdriver.remote.webdriver.WebDriver (session=\"9f4d514efc2af40721ac2aabe47aa0ec\")>\n\n    @allure.suite('MainPage')\n    @allure.epic(\"2022Q1\")\n    @allure.feature(\"MainPage\")\n    @allure.story(\"slideshow\")\n    def test_share_product(browser):\n        MainPage(browser).go_to_product_page()\n>       product_share = ProductPage(browser).click_product_share()\n\ntests/test_opencart.py:136: \n_ _ _ _ _ _ _ _ _ _ _ _ _ _ _ _ _ _ _ _ _ _ _ _ _ _ _ _ _ _ _ _ _ _ _ _ _ _ _ _ \npage_objects/ProductPage.py:33: in click_product_share\n    product_share = self._element(self.PRODUCT_SHARE)\npage_objects/BasePage.py:53: in _element\n    return self._verify_element_presence(locator)\n_ _ _ _ _ _ _ _ _ _ _ _ _ _ _ _ _ _ _ _ _ _ _ _ _ _ _ _ _ _ _ _ _ _ _ _ _ _ _ _ \n\nself = <page_objects.ProductPage.ProductPage object at 0x111518760>\nlocator = ('css selector', '#content > div > div.col-sm-4 > div.rating > div > a.addthis_counter.addthis_pill_style.addthis_nonzero > a.atc_s.addthis_button_compact')\n\n    def _verify_element_presence(self, locator: tuple):\n        try:\n            self.logger.info('Try to find an element')\n            return WebDriverWait(self.browser, self.browser.t).until(EC.visibility_of_element_located(locator))\n        except TimeoutException as exc:\n            self.logger.exception(f'RECEIVED ERROR: {exc}')\n            allure.attach(name='error',\n                          body=self.browser.get_screenshot_as_png(),\n                          attachment_type=allure.attachment_type.PNG)\n>           raise AssertionError(\"Cant find element by locator: {}\".format(locator))\nE           AssertionError: Cant find element by locator: ('css selector', '#content > div > div.col-sm-4 > div.rating > div > a.addthis_counter.addthis_pill_style.addthis_nonzero > a.atc_s.addthis_button_compact')\n\npage_objects/BasePage.py:50: AssertionError"}, "attachments": [{"name": "error", "source": "23181a73-57ec-4cbc-8f9a-9c93b7604796-attachment.png", "type": "image/png"}, {"name": "log", "source": "fb880352-5ad8-46b4-a394-e1fe43f2acc1-attachment.txt", "type": "text/plain"}, {"name": "stderr", "source": "d43406ef-02b8-493a-b446-5aea2fc07e64-attachment.txt", "type": "text/plain"}], "start": 1695472444405, "stop": 1695472450403, "uuid": "9948e039-222d-4135-9228-4e71a53f0f81", "historyId": "4f888526448493c9222db60fa2a8e88e", "testCaseId": "4f888526448493c9222db60fa2a8e88e", "fullName": "tests.test_opencart#test_share_product", "labels": [{"name": "story", "value": "slideshow"}, {"name": "feature", "value": "MainPage"}, {"name": "suite", "value": "MainPage"}, {"name": "epic", "value": "2022Q1"}, {"name": "parentSuite", "value": "tests"}, {"name": "host", "value": "Karinas-MacBook-Air.local"}, {"name": "thread", "value": "71737-MainThread"}, {"name": "framework", "value": "pytest"}, {"name": "language", "value": "cpython3"}, {"name": "package", "value": "tests.test_opencart"}]}