{"name": "test_add_to_cart", "status": "failed", "statusDetails": {"message": "AssertionError: Cant find element by locator: ('css selector', '#content > div:nth-child(7) > div:nth-child(2) > div > div:nth-child(2) > div.button-group > button:nth-child(1)')", "trace": "self = <page_objects.CatalogPage.CatalogPage object at 0x1064907f0>\nlocator = ('css selector', '#content > div:nth-child(7) > div:nth-child(2) > div > div:nth-child(2) > div.button-group > button:nth-child(1)')\n\n    def _verify_element_presence(self, locator: tuple):\n        try:\n            self.logger.info('Try to find an element')\n>           return WebDriverWait(self.browser, self.browser.t).until(EC.visibility_of_element_located(locator))\n\npage_objects/BasePage.py:44: \n_ _ _ _ _ _ _ _ _ _ _ _ _ _ _ _ _ _ _ _ _ _ _ _ _ _ _ _ _ _ _ _ _ _ _ _ _ _ _ _ \n\nself = <selenium.webdriver.support.wait.WebDriverWait (session=\"5638672fc6fa07e09c53122476dba88f\")>\nmethod = <function visibility_of_element_located.<locals>._predicate at 0x1063925e0>\nmessage = ''\n\n    def until(self, method, message=''):\n        \"\"\"Calls the method provided with the driver as an argument until the \\\n        return value does not evaluate to ``False``.\n    \n        :param method: callable(WebDriver)\n        :param message: optional message for :exc:`TimeoutException`\n        :returns: the result of the last call to `method`\n        :raises: :exc:`selenium.common.exceptions.TimeoutException` if timeout occurs\n        \"\"\"\n        screen = None\n        stacktrace = None\n    \n        end_time = time.time() + self._timeout\n        while True:\n            try:\n                value = method(self._driver)\n                if value:\n                    return value\n            except InvalidSelectorException as e:\n                raise e\n            except self._ignored_exceptions as exc:\n                screen = getattr(exc, 'screen', None)\n                stacktrace = getattr(exc, 'stacktrace', None)\n            time.sleep(self._poll)\n            if time.time() > end_time:\n                break\n>       raise TimeoutException(message, screen, stacktrace)\nE       selenium.common.exceptions.TimeoutException: Message: \nE       Stacktrace:\nE       0   chromedriver                        0x0000000100a96d98 chromedriver + 4337048\nE       1   chromedriver                        0x0000000100a8ee14 chromedriver + 4304404\nE       2   chromedriver                        0x00000001006bba5c chromedriver + 293468\nE       3   chromedriver                        0x0000000100700d50 chromedriver + 576848\nE       4   chromedriver                        0x000000010073b908 chromedriver + 817416\nE       5   chromedriver                        0x00000001006f4a5c chromedriver + 526940\nE       6   chromedriver                        0x00000001006f5908 chromedriver + 530696\nE       7   chromedriver                        0x0000000100a5cde4 chromedriver + 4099556\nE       8   chromedriver                        0x0000000100a612a0 chromedriver + 4117152\nE       9   chromedriver                        0x0000000100a6752c chromedriver + 4142380\nE       10  chromedriver                        0x0000000100a61da0 chromedriver + 4119968\nE       11  chromedriver                        0x0000000100a39a74 chromedriver + 3955316\nE       12  chromedriver                        0x0000000100a7ea48 chromedriver + 4237896\nE       13  chromedriver                        0x0000000100a7ebc4 chromedriver + 4238276\nE       14  chromedriver                        0x0000000100a8ea8c chromedriver + 4303500\nE       15  libsystem_pthread.dylib             0x000000018cafffa8 _pthread_start + 148\nE       16  libsystem_pthread.dylib             0x000000018cafada0 thread_start + 8\n\nvenv/lib/python3.9/site-packages/selenium/webdriver/support/wait.py:89: TimeoutException\n\nDuring handling of the above exception, another exception occurred:\n\nbrowser = <selenium.webdriver.remote.webdriver.WebDriver (session=\"5638672fc6fa07e09c53122476dba88f\")>\n\n    @allure.suite('MainPage')\n    @allure.epic(\"2022Q1\")\n    @allure.feature(\"MainPage\")\n    @allure.story(\"slideshow\")\n    def test_add_to_cart(browser):\n        MainPage(browser).go_to_catalog_page()\n>       add_in_cart = CatalogPage(browser).click_add_in_cart()\n\ntests/test_opencart.py:91: \n_ _ _ _ _ _ _ _ _ _ _ _ _ _ _ _ _ _ _ _ _ _ _ _ _ _ _ _ _ _ _ _ _ _ _ _ _ _ _ _ \npage_objects/CatalogPage.py:34: in click_add_in_cart\n    add_in_cart = self._element(self.ADD_IN_CART)\npage_objects/BasePage.py:53: in _element\n    return self._verify_element_presence(locator)\n_ _ _ _ _ _ _ _ _ _ _ _ _ _ _ _ _ _ _ _ _ _ _ _ _ _ _ _ _ _ _ _ _ _ _ _ _ _ _ _ \n\nself = <page_objects.CatalogPage.CatalogPage object at 0x1064907f0>\nlocator = ('css selector', '#content > div:nth-child(7) > div:nth-child(2) > div > div:nth-child(2) > div.button-group > button:nth-child(1)')\n\n    def _verify_element_presence(self, locator: tuple):\n        try:\n            self.logger.info('Try to find an element')\n            return WebDriverWait(self.browser, self.browser.t).until(EC.visibility_of_element_located(locator))\n        except TimeoutException as exc:\n            self.logger.exception(f'RECEIVED ERROR: {exc}')\n            allure.attach(name='error',\n                          body=self.browser.get_screenshot_as_png(),\n                          attachment_type=allure.attachment_type.PNG)\n>           raise AssertionError(\"Cant find element by locator: {}\".format(locator))\nE           AssertionError: Cant find element by locator: ('css selector', '#content > div:nth-child(7) > div:nth-child(2) > div > div:nth-child(2) > div.button-group > button:nth-child(1)')\n\npage_objects/BasePage.py:50: AssertionError"}, "attachments": [{"name": "error", "source": "40ea0926-b0b5-403a-9d70-b55c396cd214-attachment.png", "type": "image/png"}, {"name": "log", "source": "d0eda998-e32b-4c7b-baca-e3d9b8b6217a-attachment.txt", "type": "text/plain"}, {"name": "stderr", "source": "21ce0410-5782-4515-ad5a-08c9b1dad263-attachment.txt", "type": "text/plain"}], "start": 1695472442637, "stop": 1695472449318, "uuid": "24426790-37b6-49f9-96f7-2a0f9da4086a", "historyId": "b0e55c519fe9fa93dd7b452e08b6c5e1", "testCaseId": "b0e55c519fe9fa93dd7b452e08b6c5e1", "fullName": "tests.test_opencart#test_add_to_cart", "labels": [{"name": "story", "value": "slideshow"}, {"name": "epic", "value": "2022Q1"}, {"name": "suite", "value": "MainPage"}, {"name": "feature", "value": "MainPage"}, {"name": "parentSuite", "value": "tests"}, {"name": "host", "value": "Karinas-MacBook-Air.local"}, {"name": "thread", "value": "71734-MainThread"}, {"name": "framework", "value": "pytest"}, {"name": "language", "value": "cpython3"}, {"name": "package", "value": "tests.test_opencart"}]}