{"name": "test_list_catalog", "status": "failed", "statusDetails": {"message": "AssertionError: Cant find element by locator: ('css selector', '#grid-view')", "trace": "self = <page_objects.CatalogPage.CatalogPage object at 0x10652e610>\nlocator = ('css selector', '#grid-view')\n\n    def _verify_element_presence(self, locator: tuple):\n        try:\n            self.logger.info('Try to find an element')\n>           return WebDriverWait(self.browser, self.browser.t).until(EC.visibility_of_element_located(locator))\n\npage_objects/BasePage.py:44: \n_ _ _ _ _ _ _ _ _ _ _ _ _ _ _ _ _ _ _ _ _ _ _ _ _ _ _ _ _ _ _ _ _ _ _ _ _ _ _ _ \n\nself = <selenium.webdriver.support.wait.WebDriverWait (session=\"e905dc771f1d218f9a78eaaa98e68ff9\")>\nmethod = <function visibility_of_element_located.<locals>._predicate at 0x1064cf820>\nmessage = ''\n\n    def until(self, method, message=''):\n        \"\"\"Calls the method provided with the driver as an argument until the \\\n        return value does not evaluate to ``False``.\n    \n        :param method: callable(WebDriver)\n        :param message: optional message for :exc:`TimeoutException`\n        :returns: the result of the last call to `method`\n        :raises: :exc:`selenium.common.exceptions.TimeoutException` if timeout occurs\n        \"\"\"\n        screen = None\n        stacktrace = None\n    \n        end_time = time.time() + self._timeout\n        while True:\n            try:\n                value = method(self._driver)\n                if value:\n                    return value\n            except InvalidSelectorException as e:\n                raise e\n            except self._ignored_exceptions as exc:\n                screen = getattr(exc, 'screen', None)\n                stacktrace = getattr(exc, 'stacktrace', None)\n            time.sleep(self._poll)\n            if time.time() > end_time:\n                break\n>       raise TimeoutException(message, screen, stacktrace)\nE       selenium.common.exceptions.TimeoutException: Message: \nE       Stacktrace:\nE       0   chromedriver                        0x0000000103186d98 chromedriver + 4337048\nE       1   chromedriver                        0x000000010317ee14 chromedriver + 4304404\nE       2   chromedriver                        0x0000000102daba5c chromedriver + 293468\nE       3   chromedriver                        0x0000000102df0d50 chromedriver + 576848\nE       4   chromedriver                        0x0000000102e2b908 chromedriver + 817416\nE       5   chromedriver                        0x0000000102de4a5c chromedriver + 526940\nE       6   chromedriver                        0x0000000102de5908 chromedriver + 530696\nE       7   chromedriver                        0x000000010314cde4 chromedriver + 4099556\nE       8   chromedriver                        0x00000001031512a0 chromedriver + 4117152\nE       9   chromedriver                        0x000000010315752c chromedriver + 4142380\nE       10  chromedriver                        0x0000000103151da0 chromedriver + 4119968\nE       11  chromedriver                        0x0000000103129a74 chromedriver + 3955316\nE       12  chromedriver                        0x000000010316ea48 chromedriver + 4237896\nE       13  chromedriver                        0x000000010316ebc4 chromedriver + 4238276\nE       14  chromedriver                        0x000000010317ea8c chromedriver + 4303500\nE       15  libsystem_pthread.dylib             0x000000018cafffa8 _pthread_start + 148\nE       16  libsystem_pthread.dylib             0x000000018cafada0 thread_start + 8\n\nvenv/lib/python3.9/site-packages/selenium/webdriver/support/wait.py:89: TimeoutException\n\nDuring handling of the above exception, another exception occurred:\n\nbrowser = <selenium.webdriver.remote.webdriver.WebDriver (session=\"e905dc771f1d218f9a78eaaa98e68ff9\")>\n\n    @allure.suite('MainPage')\n    @allure.epic(\"2022Q1\")\n    @allure.feature(\"MainPage\")\n    @allure.story(\"slideshow\")\n    def test_list_catalog(browser):\n        MainPage(browser).go_to_catalog_page()\n>       grid_catalog = CatalogPage(browser).click_grid_catalog()\n\ntests/test_opencart.py:100: \n_ _ _ _ _ _ _ _ _ _ _ _ _ _ _ _ _ _ _ _ _ _ _ _ _ _ _ _ _ _ _ _ _ _ _ _ _ _ _ _ \npage_objects/CatalogPage.py:39: in click_grid_catalog\n    grid_catalog = self._element(self.GRID_CATALOG)\npage_objects/BasePage.py:53: in _element\n    return self._verify_element_presence(locator)\n_ _ _ _ _ _ _ _ _ _ _ _ _ _ _ _ _ _ _ _ _ _ _ _ _ _ _ _ _ _ _ _ _ _ _ _ _ _ _ _ \n\nself = <page_objects.CatalogPage.CatalogPage object at 0x10652e610>\nlocator = ('css selector', '#grid-view')\n\n    def _verify_element_presence(self, locator: tuple):\n        try:\n            self.logger.info('Try to find an element')\n            return WebDriverWait(self.browser, self.browser.t).until(EC.visibility_of_element_located(locator))\n        except TimeoutException as exc:\n            self.logger.exception(f'RECEIVED ERROR: {exc}')\n            allure.attach(name='error',\n                          body=self.browser.get_screenshot_as_png(),\n                          attachment_type=allure.attachment_type.PNG)\n>           raise AssertionError(\"Cant find element by locator: {}\".format(locator))\nE           AssertionError: Cant find element by locator: ('css selector', '#grid-view')\n\npage_objects/BasePage.py:50: AssertionError"}, "attachments": [{"name": "error", "source": "8b02ae00-2881-4648-9c34-4e01085f3227-attachment.png", "type": "image/png"}, {"name": "log", "source": "42a19e59-a46d-47d2-8a4d-b62d6cf499c6-attachment.txt", "type": "text/plain"}, {"name": "stderr", "source": "08c8b400-466e-4589-b885-d061b6ea8f9d-attachment.txt", "type": "text/plain"}], "start": 1695472451496, "stop": 1695472457504, "uuid": "3c0d7436-d006-432c-a1ab-6df9cb067ddd", "historyId": "7f5b9d161cf40d2f5ec419ba09c0bba7", "testCaseId": "7f5b9d161cf40d2f5ec419ba09c0bba7", "fullName": "tests.test_opencart#test_list_catalog", "labels": [{"name": "story", "value": "slideshow"}, {"name": "epic", "value": "2022Q1"}, {"name": "suite", "value": "MainPage"}, {"name": "feature", "value": "MainPage"}, {"name": "parentSuite", "value": "tests"}, {"name": "host", "value": "Karinas-MacBook-Air.local"}, {"name": "thread", "value": "71734-MainThread"}, {"name": "framework", "value": "pytest"}, {"name": "language", "value": "cpython3"}, {"name": "package", "value": "tests.test_opencart"}]}