{"name": "test_admin_to_main", "status": "failed", "statusDetails": {"message": "AssertionError: Cant find element by locator: ('css selector', '#content > div > div > div > div > div.panel-body > form > div.text-right > button')", "trace": "self = <page_objects.AdminPage.AdminPage object at 0x106c2a400>\nlocator = ('css selector', '#content > div > div > div > div > div.panel-body > form > div.text-right > button')\n\n    def _verify_element_presence(self, locator: tuple):\n        try:\n            self.logger.info('Try to find an element')\n>           return WebDriverWait(self.browser, self.browser.t).until(EC.visibility_of_element_located(locator))\n\npage_objects/BasePage.py:44: \n_ _ _ _ _ _ _ _ _ _ _ _ _ _ _ _ _ _ _ _ _ _ _ _ _ _ _ _ _ _ _ _ _ _ _ _ _ _ _ _ \n\nself = <selenium.webdriver.support.wait.WebDriverWait (session=\"2022d9b7e932fc7d49c4b5450adc6ccf\")>\nmethod = <function visibility_of_element_located.<locals>._predicate at 0x106bed9d0>\nmessage = ''\n\n    def until(self, method, message=''):\n        \"\"\"Calls the method provided with the driver as an argument until the \\\n        return value does not evaluate to ``False``.\n    \n        :param method: callable(WebDriver)\n        :param message: optional message for :exc:`TimeoutException`\n        :returns: the result of the last call to `method`\n        :raises: :exc:`selenium.common.exceptions.TimeoutException` if timeout occurs\n        \"\"\"\n        screen = None\n        stacktrace = None\n    \n        end_time = time.time() + self._timeout\n        while True:\n            try:\n                value = method(self._driver)\n                if value:\n                    return value\n            except InvalidSelectorException as e:\n                raise e\n            except self._ignored_exceptions as exc:\n                screen = getattr(exc, 'screen', None)\n                stacktrace = getattr(exc, 'stacktrace', None)\n            time.sleep(self._poll)\n            if time.time() > end_time:\n                break\n>       raise TimeoutException(message, screen, stacktrace)\nE       selenium.common.exceptions.TimeoutException: Message: \nE       Stacktrace:\nE       0   chromedriver                        0x0000000100daed98 chromedriver + 4337048\nE       1   chromedriver                        0x0000000100da6e14 chromedriver + 4304404\nE       2   chromedriver                        0x00000001009d3a5c chromedriver + 293468\nE       3   chromedriver                        0x0000000100a18d50 chromedriver + 576848\nE       4   chromedriver                        0x0000000100a53908 chromedriver + 817416\nE       5   chromedriver                        0x0000000100a0ca5c chromedriver + 526940\nE       6   chromedriver                        0x0000000100a0d908 chromedriver + 530696\nE       7   chromedriver                        0x0000000100d74de4 chromedriver + 4099556\nE       8   chromedriver                        0x0000000100d792a0 chromedriver + 4117152\nE       9   chromedriver                        0x0000000100d7f52c chromedriver + 4142380\nE       10  chromedriver                        0x0000000100d79da0 chromedriver + 4119968\nE       11  chromedriver                        0x0000000100d51a74 chromedriver + 3955316\nE       12  chromedriver                        0x0000000100d96a48 chromedriver + 4237896\nE       13  chromedriver                        0x0000000100d96bc4 chromedriver + 4238276\nE       14  chromedriver                        0x0000000100da6a8c chromedriver + 4303500\nE       15  libsystem_pthread.dylib             0x000000018cafffa8 _pthread_start + 148\nE       16  libsystem_pthread.dylib             0x000000018cafada0 thread_start + 8\n\nvenv/lib/python3.9/site-packages/selenium/webdriver/support/wait.py:89: TimeoutException\n\nDuring handling of the above exception, another exception occurred:\n\nbrowser = <selenium.webdriver.remote.webdriver.WebDriver (session=\"2022d9b7e932fc7d49c4b5450adc6ccf\")>\n\n    @allure.suite('MainPage')\n    @allure.epic(\"2022Q1\")\n    @allure.feature(\"MainPage\")\n    @allure.story(\"slideshow\")\n    def test_admin_to_main(browser):\n        MainPage(browser).go_to_admin_page()\n>       admin_login = AdminPage(browser).click_admin_login()\n\ntests/test_opencart.py:227: \n_ _ _ _ _ _ _ _ _ _ _ _ _ _ _ _ _ _ _ _ _ _ _ _ _ _ _ _ _ _ _ _ _ _ _ _ _ _ _ _ \npage_objects/AdminPage.py:27: in click_admin_login\n    admin_login = self._element(self.ADMIN_LOGIN)\npage_objects/BasePage.py:53: in _element\n    return self._verify_element_presence(locator)\n_ _ _ _ _ _ _ _ _ _ _ _ _ _ _ _ _ _ _ _ _ _ _ _ _ _ _ _ _ _ _ _ _ _ _ _ _ _ _ _ \n\nself = <page_objects.AdminPage.AdminPage object at 0x106c2a400>\nlocator = ('css selector', '#content > div > div > div > div > div.panel-body > form > div.text-right > button')\n\n    def _verify_element_presence(self, locator: tuple):\n        try:\n            self.logger.info('Try to find an element')\n            return WebDriverWait(self.browser, self.browser.t).until(EC.visibility_of_element_located(locator))\n        except TimeoutException as exc:\n            self.logger.exception(f'RECEIVED ERROR: {exc}')\n            allure.attach(name='error',\n                          body=self.browser.get_screenshot_as_png(),\n                          attachment_type=allure.attachment_type.PNG)\n>           raise AssertionError(\"Cant find element by locator: {}\".format(locator))\nE           AssertionError: Cant find element by locator: ('css selector', '#content > div > div > div > div > div.panel-body > form > div.text-right > button')\n\npage_objects/BasePage.py:50: AssertionError"}, "attachments": [{"name": "error", "source": "6b9d8457-c875-4d57-8a39-7ccdd9e357a5-attachment.png", "type": "image/png"}, {"name": "log", "source": "8842527c-e860-450b-b8a1-958bc0f363ee-attachment.txt", "type": "text/plain"}, {"name": "stderr", "source": "0a3f6af5-704f-4dda-8ad1-564350b37428-attachment.txt", "type": "text/plain"}], "start": 1695471208369, "stop": 1695471214555, "uuid": "74f3a3fa-d74f-45f3-b91c-a8a16d13f59a", "historyId": "ccfc28de907947d89e298257f2cb3c59", "testCaseId": "ccfc28de907947d89e298257f2cb3c59", "fullName": "tests.test_opencart#test_admin_to_main", "labels": [{"name": "suite", "value": "MainPage"}, {"name": "story", "value": "slideshow"}, {"name": "epic", "value": "2022Q1"}, {"name": "feature", "value": "MainPage"}, {"name": "parentSuite", "value": "tests"}, {"name": "host", "value": "Karinas-MacBook-Air.local"}, {"name": "thread", "value": "64567-MainThread"}, {"name": "framework", "value": "pytest"}, {"name": "language", "value": "cpython3"}, {"name": "package", "value": "tests.test_opencart"}]}