{"name": "test_privacy", "status": "failed", "statusDetails": {"message": "AssertionError: Cant find element by locator: ('css selector', '#content > form > div > div > input[type=checkbox]:nth-child(2)')", "trace": "self = <page_objects.RegisterPage.RegisterPage object at 0x10600c490>\nlocator = ('css selector', '#content > form > div > div > input[type=checkbox]:nth-child(2)')\n\n    def _verify_element_presence(self, locator: tuple):\n        try:\n            self.logger.info('Try to find an element')\n>           return WebDriverWait(self.browser, self.browser.t).until(EC.visibility_of_element_located(locator))\n\npage_objects/BasePage.py:44: \n_ _ _ _ _ _ _ _ _ _ _ _ _ _ _ _ _ _ _ _ _ _ _ _ _ _ _ _ _ _ _ _ _ _ _ _ _ _ _ _ \n\nself = <selenium.webdriver.support.wait.WebDriverWait (session=\"5b50e926150be7475974183c274e1cdf\")>\nmethod = <function visibility_of_element_located.<locals>._predicate at 0x105d044c0>\nmessage = ''\n\n    def until(self, method, message=''):\n        \"\"\"Calls the method provided with the driver as an argument until the \\\n        return value does not evaluate to ``False``.\n    \n        :param method: callable(WebDriver)\n        :param message: optional message for :exc:`TimeoutException`\n        :returns: the result of the last call to `method`\n        :raises: :exc:`selenium.common.exceptions.TimeoutException` if timeout occurs\n        \"\"\"\n        screen = None\n        stacktrace = None\n    \n        end_time = time.time() + self._timeout\n        while True:\n            try:\n                value = method(self._driver)\n                if value:\n                    return value\n            except InvalidSelectorException as e:\n                raise e\n            except self._ignored_exceptions as exc:\n                screen = getattr(exc, 'screen', None)\n                stacktrace = getattr(exc, 'stacktrace', None)\n            time.sleep(self._poll)\n            if time.time() > end_time:\n                break\n>       raise TimeoutException(message, screen, stacktrace)\nE       selenium.common.exceptions.TimeoutException: Message: \nE       Stacktrace:\nE       0   chromedriver                        0x00000001010eed98 chromedriver + 4337048\nE       1   chromedriver                        0x00000001010e6e14 chromedriver + 4304404\nE       2   chromedriver                        0x0000000100d13a5c chromedriver + 293468\nE       3   chromedriver                        0x0000000100d58d50 chromedriver + 576848\nE       4   chromedriver                        0x0000000100d93908 chromedriver + 817416\nE       5   chromedriver                        0x0000000100d4ca5c chromedriver + 526940\nE       6   chromedriver                        0x0000000100d4d908 chromedriver + 530696\nE       7   chromedriver                        0x00000001010b4de4 chromedriver + 4099556\nE       8   chromedriver                        0x00000001010b92a0 chromedriver + 4117152\nE       9   chromedriver                        0x00000001010bf52c chromedriver + 4142380\nE       10  chromedriver                        0x00000001010b9da0 chromedriver + 4119968\nE       11  chromedriver                        0x0000000101091a74 chromedriver + 3955316\nE       12  chromedriver                        0x00000001010d6a48 chromedriver + 4237896\nE       13  chromedriver                        0x00000001010d6bc4 chromedriver + 4238276\nE       14  chromedriver                        0x00000001010e6a8c chromedriver + 4303500\nE       15  libsystem_pthread.dylib             0x000000018cafffa8 _pthread_start + 148\nE       16  libsystem_pthread.dylib             0x000000018cafada0 thread_start + 8\n\nvenv/lib/python3.9/site-packages/selenium/webdriver/support/wait.py:89: TimeoutException\n\nDuring handling of the above exception, another exception occurred:\n\nbrowser = <selenium.webdriver.remote.webdriver.WebDriver (session=\"5b50e926150be7475974183c274e1cdf\")>\n\n    @allure.suite('MainPage')\n    @allure.epic(\"2022Q1\")\n    @allure.feature(\"MainPage\")\n    @allure.story(\"slideshow\")\n    def test_privacy(browser):\n        MainPage(browser).go_to_register_page()\n>       privacy_policy = RegisterPage(browser).click_privacy_policy()\n\ntests/test_opencart.py:163: \n_ _ _ _ _ _ _ _ _ _ _ _ _ _ _ _ _ _ _ _ _ _ _ _ _ _ _ _ _ _ _ _ _ _ _ _ _ _ _ _ \npage_objects/RegisterPage.py:22: in click_privacy_policy\n    privacy_policy = self._element(self.PRIVACY_POLICY)\npage_objects/BasePage.py:53: in _element\n    return self._verify_element_presence(locator)\n_ _ _ _ _ _ _ _ _ _ _ _ _ _ _ _ _ _ _ _ _ _ _ _ _ _ _ _ _ _ _ _ _ _ _ _ _ _ _ _ \n\nself = <page_objects.RegisterPage.RegisterPage object at 0x10600c490>\nlocator = ('css selector', '#content > form > div > div > input[type=checkbox]:nth-child(2)')\n\n    def _verify_element_presence(self, locator: tuple):\n        try:\n            self.logger.info('Try to find an element')\n            return WebDriverWait(self.browser, self.browser.t).until(EC.visibility_of_element_located(locator))\n        except TimeoutException as exc:\n            self.logger.exception(f'RECEIVED ERROR: {exc}')\n            allure.attach(name='error',\n                          body=self.browser.get_screenshot_as_png(),\n                          attachment_type=allure.attachment_type.PNG)\n>           raise AssertionError(\"Cant find element by locator: {}\".format(locator))\nE           AssertionError: Cant find element by locator: ('css selector', '#content > form > div > div > input[type=checkbox]:nth-child(2)')\n\npage_objects/BasePage.py:50: AssertionError"}, "attachments": [{"name": "error", "source": "f9f92424-77af-41c9-b73d-4b6709abfc26-attachment.png", "type": "image/png"}, {"name": "log", "source": "15a2022d-9a4f-4765-b7f1-2f1c832fa8f1-attachment.txt", "type": "text/plain"}, {"name": "stderr", "source": "3fd3f45a-66e1-4a9c-b959-870880f8d3e0-attachment.txt", "type": "text/plain"}], "start": 1695471204138, "stop": 1695471210130, "uuid": "dbd36fc8-dcbd-47bb-841c-3c8b74688785", "historyId": "a5356c94a5a036671491f15ddc030ccb", "testCaseId": "a5356c94a5a036671491f15ddc030ccb", "fullName": "tests.test_opencart#test_privacy", "labels": [{"name": "story", "value": "slideshow"}, {"name": "suite", "value": "MainPage"}, {"name": "feature", "value": "MainPage"}, {"name": "epic", "value": "2022Q1"}, {"name": "parentSuite", "value": "tests"}, {"name": "host", "value": "Karinas-MacBook-Air.local"}, {"name": "thread", "value": "64566-MainThread"}, {"name": "framework", "value": "pytest"}, {"name": "language", "value": "cpython3"}, {"name": "package", "value": "tests.test_opencart"}]}