{"name": "test_wishlist", "status": "failed", "statusDetails": {"message": "AssertionError: Cant find element by locator: ('css selector', '#content > div:nth-child(7) > div:nth-child(1) > div > div:nth-child(2) > div.button-group > button:nth-child(2)')", "trace": "self = <page_objects.CatalogPage.CatalogPage object at 0x10431edf0>\nlocator = ('css selector', '#content > div:nth-child(7) > div:nth-child(1) > div > div:nth-child(2) > div.button-group > button:nth-child(2)')\n\n    def _verify_element_presence(self, locator: tuple):\n        try:\n            self.logger.info('Try to find an element')\n>           return WebDriverWait(self.browser, self.browser.t).until(EC.visibility_of_element_located(locator))\n\npage_objects/BasePage.py:44: \n_ _ _ _ _ _ _ _ _ _ _ _ _ _ _ _ _ _ _ _ _ _ _ _ _ _ _ _ _ _ _ _ _ _ _ _ _ _ _ _ \n\nself = <selenium.webdriver.support.wait.WebDriverWait (session=\"fd22437d3de484c3d3afb4bb6f756221\")>\nmethod = <function visibility_of_element_located.<locals>._predicate at 0x1042935e0>\nmessage = ''\n\n    def until(self, method, message=''):\n        \"\"\"Calls the method provided with the driver as an argument until the \\\n        return value does not evaluate to ``False``.\n    \n        :param method: callable(WebDriver)\n        :param message: optional message for :exc:`TimeoutException`\n        :returns: the result of the last call to `method`\n        :raises: :exc:`selenium.common.exceptions.TimeoutException` if timeout occurs\n        \"\"\"\n        screen = None\n        stacktrace = None\n    \n        end_time = time.time() + self._timeout\n        while True:\n            try:\n                value = method(self._driver)\n                if value:\n                    return value\n            except InvalidSelectorException as e:\n                raise e\n            except self._ignored_exceptions as exc:\n                screen = getattr(exc, 'screen', None)\n                stacktrace = getattr(exc, 'stacktrace', None)\n            time.sleep(self._poll)\n            if time.time() > end_time:\n                break\n>       raise TimeoutException(message, screen, stacktrace)\nE       selenium.common.exceptions.TimeoutException: Message: \nE       Stacktrace:\nE       0   chromedriver                        0x000000010449ad98 chromedriver + 4337048\nE       1   chromedriver                        0x0000000104492e14 chromedriver + 4304404\nE       2   chromedriver                        0x00000001040bfa5c chromedriver + 293468\nE       3   chromedriver                        0x0000000104104d50 chromedriver + 576848\nE       4   chromedriver                        0x000000010413f908 chromedriver + 817416\nE       5   chromedriver                        0x00000001040f8a5c chromedriver + 526940\nE       6   chromedriver                        0x00000001040f9908 chromedriver + 530696\nE       7   chromedriver                        0x0000000104460de4 chromedriver + 4099556\nE       8   chromedriver                        0x00000001044652a0 chromedriver + 4117152\nE       9   chromedriver                        0x000000010446b52c chromedriver + 4142380\nE       10  chromedriver                        0x0000000104465da0 chromedriver + 4119968\nE       11  chromedriver                        0x000000010443da74 chromedriver + 3955316\nE       12  chromedriver                        0x0000000104482a48 chromedriver + 4237896\nE       13  chromedriver                        0x0000000104482bc4 chromedriver + 4238276\nE       14  chromedriver                        0x0000000104492a8c chromedriver + 4303500\nE       15  libsystem_pthread.dylib             0x000000018cafffa8 _pthread_start + 148\nE       16  libsystem_pthread.dylib             0x000000018cafada0 thread_start + 8\n\nvenv/lib/python3.9/site-packages/selenium/webdriver/support/wait.py:89: TimeoutException\n\nDuring handling of the above exception, another exception occurred:\n\nbrowser = <selenium.webdriver.remote.webdriver.WebDriver (session=\"fd22437d3de484c3d3afb4bb6f756221\")>\n\n    @allure.suite('MainPage')\n    @allure.epic(\"2022Q1\")\n    @allure.feature(\"MainPage\")\n    @allure.story(\"slideshow\")\n    def test_wishlist(browser):\n        MainPage(browser).go_to_catalog_page()\n>       add_wishlist = CatalogPage(browser).click_add_wishlist()\n\ntests/test_opencart.py:82: \n_ _ _ _ _ _ _ _ _ _ _ _ _ _ _ _ _ _ _ _ _ _ _ _ _ _ _ _ _ _ _ _ _ _ _ _ _ _ _ _ \npage_objects/CatalogPage.py:29: in click_add_wishlist\n    add_wishlist = self._element(self.ADD_WISHLIST)\npage_objects/BasePage.py:53: in _element\n    return self._verify_element_presence(locator)\n_ _ _ _ _ _ _ _ _ _ _ _ _ _ _ _ _ _ _ _ _ _ _ _ _ _ _ _ _ _ _ _ _ _ _ _ _ _ _ _ \n\nself = <page_objects.CatalogPage.CatalogPage object at 0x10431edf0>\nlocator = ('css selector', '#content > div:nth-child(7) > div:nth-child(1) > div > div:nth-child(2) > div.button-group > button:nth-child(2)')\n\n    def _verify_element_presence(self, locator: tuple):\n        try:\n            self.logger.info('Try to find an element')\n            return WebDriverWait(self.browser, self.browser.t).until(EC.visibility_of_element_located(locator))\n        except TimeoutException as exc:\n            self.logger.exception(f'RECEIVED ERROR: {exc}')\n            allure.attach(name='error',\n                          body=self.browser.get_screenshot_as_png(),\n                          attachment_type=allure.attachment_type.PNG)\n>           raise AssertionError(\"Cant find element by locator: {}\".format(locator))\nE           AssertionError: Cant find element by locator: ('css selector', '#content > div:nth-child(7) > div:nth-child(1) > div > div:nth-child(2) > div.button-group > button:nth-child(2)')\n\npage_objects/BasePage.py:50: AssertionError"}, "attachments": [{"name": "error", "source": "f67f02da-4b12-45e6-86aa-5d319afecc7e-attachment.png", "type": "image/png"}, {"name": "log", "source": "5c3ae7dc-d111-4ae0-8f00-14982835c563-attachment.txt", "type": "text/plain"}, {"name": "stderr", "source": "cf150190-6e49-48ac-b19c-d6b1e1d006da-attachment.txt", "type": "text/plain"}], "start": 1695472444597, "stop": 1695472450412, "uuid": "bc2d62e1-c54f-422a-bdbb-e14b73a04ec1", "historyId": "4aa5573f040fa87d7aca76af7e56efc6", "testCaseId": "4aa5573f040fa87d7aca76af7e56efc6", "fullName": "tests.test_opencart#test_wishlist", "labels": [{"name": "epic", "value": "2022Q1"}, {"name": "story", "value": "slideshow"}, {"name": "feature", "value": "MainPage"}, {"name": "suite", "value": "MainPage"}, {"name": "parentSuite", "value": "tests"}, {"name": "host", "value": "Karinas-MacBook-Air.local"}, {"name": "thread", "value": "71733-MainThread"}, {"name": "framework", "value": "pytest"}, {"name": "language", "value": "cpython3"}, {"name": "package", "value": "tests.test_opencart"}]}